Faraday: you may want to install system_timer for reliable timeouts
/Library/Ruby/Gems/1.8/gems/faraday-0.8.7/lib/faraday/request/multipart.rb:4: warning: already initialized constant DEFAULT_BOUNDARY
quyu_see.rb:45: undefined method `min=' for Fri May 03 13:33:06 +0900 2013:Time (NoMethodError)
	from quyu_see.rb:33:in `loop'
	from quyu_see.rb:33
Faraday: you may want to install system_timer for reliable timeouts
/Library/Ruby/Gems/1.8/gems/faraday-0.8.7/lib/faraday/request/multipart.rb:4: warning: already initialized constant DEFAULT_BOUNDARY
quyu_see.rb:45: undefined method `min=' for Fri May 03 13:33:28 +0900 2013:Time (NoMethodError)
	from quyu_see.rb:33:in `loop'
	from quyu_see.rb:33
nohup: twitterbot.rb: No such file or directory
nohup: twitterbot.rb: No such file or directory
/Users/e115764/.rvm/gems/ruby-1.8.7-p371/gems/faraday-0.8.7/lib/faraday/request/multipart.rb:4: warning: already initialized constant DEFAULT_BOUNDARY
twitterbot.rb:121: Invalid char `\343' in expression
twitterbot.rb:121: Invalid char `\201' in expression
twitterbot.rb:121: Invalid char `\246' in expression
twitterbot.rb:121: Invalid char `\343' in expression
twitterbot.rb:121: Invalid char `\201' in expression
twitterbot.rb:121: Invalid char `\231' in expression
twitterbot.rb:121: Invalid char `\343' in expression
twitterbot.rb:121: Invalid char `\201' in expression
twitterbot.rb:121: Invalid char `\250' in expression
twitterbot.rb:126: Invalid char `\343' in expression
twitterbot.rb:126: Invalid char `\201' in expression
twitterbot.rb:126: Invalid char `\246' in expression
twitterbot.rb:126: Invalid char `\343' in expression
twitterbot.rb:126: Invalid char `\201' in expression
twitterbot.rb:126: Invalid char `\231' in expression
twitterbot.rb:126: Invalid char `\343' in expression
twitterbot.rb:126: Invalid char `\201' in expression
twitterbot.rb:126: Invalid char `\250' in expression
twitterbot.rb:131: Invalid char `\343' in expression
twitterbot.rb:131: Invalid char `\201' in expression
twitterbot.rb:131: Invalid char `\246' in expression
twitterbot.rb:131: Invalid char `\343' in expression
twitterbot.rb:131: Invalid char `\201' in expression
twitterbot.rb:131: Invalid char `\231' in expression
twitterbot.rb:131: Invalid char `\343' in expression
twitterbot.rb:131: Invalid char `\201' in expression
twitterbot.rb:131: Invalid char `\250' in expression
/Users/e115764/.rvm/gems/ruby-1.8.7-p371/gems/faraday-0.8.7/lib/faraday/request/multipart.rb:4: warning: already initialized constant DEFAULT_BOUNDARY
study: 夢の中ならリーマン予想答えられるのになー
study: 
study: ゴマフアザラシさん確定2（ツイートで召喚）調整
study: 紳士だ
study: 
study: それはまぎれもなく
study: いるっていってるでしょ！虚数に送るぞ！
study: シンオウのポケモンリーグだっけ？ パワートリックツボツボが出てた記憶
study: いるよ
study: しぃしぃ
study: ツボツボ対ヨルノズクってアニポケでもあった因縁の
study: たっくが無限大に発散
study: ツボツボ対ヨルノズク（ナイトヘッド）
study: しぃしぃうっさい！
study: 林業かわいいに空目
study: 空陸両用になりたぁい
study: ＞確認がめんどくさい＜
study: ヨルノズクの各種族値と比べ、「４つ以上」が「ヨルノズクの種族値以上」だと出場不可大会
study: ヨルノズクが一番強いんだもん大会・・・？
study: 96度寝決めてた
study: ごま
study: ふ だった
study: ふりすとにゃんにゃんだ
study: ほわぁ
study: おつかれさまでしたー
study: 【ニコ生放送中】【突発大会】複合禁止！単色縛り大会【ポケモン】 #co573279
study: 【ニコ生放送中】【突発大会】複合禁止！単色縛り大会【ポケモン】 #co573279
study: 【ニコ生放送中】【突発大会】複合禁止！単色縛り大会【ポケモン】 #co573279
study: 【ニコ生放送中】【突発大会】複合禁止！単色縛り大会【ポケモン】 #co573279
study: 【ニコ生放送中】【突発大会】複合禁止！単色縛り大会【ポケモン】 #co573279
study: 【ニコ生放送中】【突発大会】複合禁止！単色縛り大会【ポケモン】 #co573279
study: 【ニコ生放送中】【突発大会】複合禁止！単色縛り大会【ポケモン】 #co573279
study: 【ニコ生放送中】【突発大会】複合禁止！単色縛り大会【ポケモン】 #co573279
study: 【ニコ生放送中】【突発大会】募集しながら景品を考える枠【ポケモン】 #co573279
study: うん
study: 放送しようと思ったら１８０人待ちだったｽﾞﾝﾄﾞｺ
study: シングルだとかなり多いよ
study: アングラなものにはアングラな理由があるんだからアングラを地上に出そうとすること自体がおかしい
study: トイレ行ってから枠トリます
study: 私は 5/3 22:01 以降 108 回呟きました。（前日比：+65回） #countkun @hexad_chrome
study: 大丈夫だ、問題ない
study: 突発大会どうしよー 明日の昼にしようかな・・・（←疲れてる奴
study: 
study: 出てない
study: そういえばポップンミュージックにたっくさん出てた
study: たっくかよ
study: ☆･:ﾟ*ｵｫヾ(o´∀｀o)ﾉｫｵ*ﾟ:･☆
study: ？
study: ケモノが言語喋らなくても全然平気なくらいにはケモナー
study: めしぃ
study: (o^-')b
study: |///|ヽ(ﾟДﾟ )ﾉ|///|ﾀﾀﾞｲﾏｰ
study: 大会潜ってない自分は特になにも言えないけどｗ
study: にくきゅうを触るお仕事したい
study: ほわぁ
study: 降参は相手への冒涜って考えの人結構会うけど、シングル勢からするとガチパでも初手降参があり得るからな…
study: 猫に囲まれてる
study: あくび
study: （大会の流行は読みにくいし）
study: （正直初手降参はサブロムつかって流行を誰よりも早く確かめてるだけな気がするけどね）
study: んー そのまだマシって感覚がよくわからないけど、された人「だけ」が広めてるなら別になんとも思わない
study: (*^-')b
study: （ネタパ勢と根本は変わらないような…）
study: 重力じゃないだけ良心的
study: 有名になる 以上
study: 持ち上げて（フリーフォール）落とす！？（うちおとす）
study: 初手スキスワ
study: いかくマンダとりんぷんモルフォンというコンビがいてだな
study: しぃ
study: 単タイプ大会を開くので暇な人はどうぞ
study: 和音の真ん中のおとはど真ん中じゃなくて上か下に少しずらす方が良いと言う話を聞いたマン
study: (o・・o)
study: 僕のレート1500だし
study: 商品が特にない…逃げなきゃ…
study: 激えごぷんぷん丸（くず）
study: 怒怒鶏っていう唐揚げ発見したんだけど、「おこおことり」って読んでしまって
study: (*￣Ｏ￣)ノ
study: じゃぱんかっぷに対抗して単ぱんかっぷを
study: 今日の夜突発大会開こうかな
study: かえります
study: カボチャポケモン（草炎）
study: サイズの合う靴がない…逃げなきゃ…
study: ノーマルゴースト顔してる
study: たっくにおんがえしする（102）
study: 
study: よしよし
study: 
study: ？
study: はぁ…マジたっく…
study: でけでけでん！
study: サイコシフト はねやすめ ナイトヘッド さいみんじゅつ が完成形
study: かわいいとかっ ないですからっ
study: ←ヨルノズクを過大評価させた張本人
study: 正直、ヨルノズクがちょうまいできても環境変わらないよ みんなヨルノズクを過大評価しすぎ
study: え？ ちょうまいヨルノズク？
study: ＴＬにトリルして離脱するわｗｗｗじゃあのｗｗｗ
study: しぃぃ
study: biosならなに書いてもふぁぼられないからオススメ
study: ナナフシは海老とか蟹の仲間だよ
study: 僕のＴＬにマジキチとかいないし
study: 生き返った
study: タンギング…
study: (*^-')b
study: ぼくは せいべつを こえる
study: o(^-^o)(o^-^)o
study: こえた
study: 音速を 越えろ！
study: 2013/05/03に @hexad_chrome のTLから見つかったパクツイ・パクられツイは17件ですた。 おいでよ パクツイの森: #パク森 #パクレポ
study: 服を買いに来てる
study: ☆･:ﾟ*ｵｫヾ(o´∀｀o)ﾉｫｵ*ﾟ:･☆
study: 朝ごはんもらっちゃった！(´～｀)ﾓｸﾞﾓｸﾞ
study: おはしぃ
study: おやすみなさい
study: めしをよそってたら布団によそわれたわｗｗｗ寝るかｗｗｗｗ
study: ゃ！
study: ほらなｗｗｗｗｗじゃあのｗｗｗ
study: 燻火はメシをよそえました！おめでとう！よっそいよっそい！よっそいよっそい！！ #meshiyosoi
study: 飯をよそえないとかｗｗｗｗそんなやついるわけないじゃんｗｗｗ
study: 
study: Rさんが年下の男の子をご飯にする？
study: おかおか
study: ビタミンR って ありそう
study: ーーー
study: サイコショック（察し）
study: クレセリアA７０もあるじゃん
study: おみくじ引いとこ (＾ω＾)つ |￣ ￣| ￣￣￣ なに吉かな〜♪ (＾ω＾)つ◽？ (＾ω＾)..... ＿＿ ｜マ｜ ｜ジ｜ ｜吉｜ ￣￣ (♭ﾟёﾟ)♭ファーーーwwwww
study: ピジョットの夢特性が威嚇ならよかったのに
study: このまえ暴風ピジョットならみた。追加効果の混乱で３タテされた
study: 恩返しの代わりにフェザダン？
study: たっく（遺伝子組み換え
study: 青
study: なかなかにばらばらしぃ
study: オレンジ
study: でた！３秒パクツイ！
study: Zzz…(*´～｀*)｡o○ ﾑﾆｬﾑﾆｬ
study: ( ・д・)/－－＝≡(((卍 ｼｭｯ!!
study: #あなた的私の印象カラー
study: ☆･:ﾟ*ｵｫヾ(o´∀｀o)ﾉｫｵ*ﾟ:･☆
study: ／| | ＿／ | ||| | ||| ヽ ｼﾞｰ… | ● | |人_) ＝; |γ"ヽ ノ || ﾞ |ヽ＿ノ| | | | | | π | | ∥ | |人 |
study: 鈍色
study: S91という素早さは、相手のスカーフを見つつ先手とんボルチェン出来る絶妙な数値
study: ポケモン！ゲットだぜ！（ｶﾞﾁｬｶﾞﾁｬ #名セリフの後ろにｶﾞﾁｬｶﾞﾁｬと付けると課金兵
study: ノーマルロトムとピジョットのSって同じなの初めて知った
study: 水色
study: あ？
study: ぷよぷよ食べる
study: ﾄﾞｺﾄﾞｺ
study: 私は 5/2 22:00 以降 43 回呟きました。（前日比：-70回） #countkun @hexad_chrome
study: ほわわぁ
study: Nロトムのすばやさってスカーフを確かめるのにピッタリだよね
study: 2013/05/02に @hexad_chrome のTLから見つかったパクツイ・パクられツイは13件ですた。 おいでよ パクツイの森: #パク森 #パクレポ
study: コンクリの隙間きっちり埋めてやってるのに「雑」とか言われる雑草の気持ちも考えろよ
study: sea
study: やんでれぼっとに気に入られたのかも？
study: ！？
study: ほわぁ
study: 行けピカチュウ！ １０万ジーメンスだ！
study: 
study: 
study: しぃで止まります
study: ぱるるっ
study: 誰か拾ってください
study: 三ヽ(´◔‿ゝ◔`)ﾉ┌┛ｳﾜｱｱｱｱｱｱｱｱｱｱｱｱ [シャンデラ]
study: 大学入ってツイッター始めたしぃ is 非常にPure
study: なんじゃ！
study: たっくがプロフを変える瞬間 プライスレス
study: 洗濯物と戯れてたマン
study: ↓たっく
study: おやしぃぃ
study: 
study: 強いシンクロは特にありません。 がじわじわ
study: しぃんくろせず
study: ハーゲンダッツこわい
study: ヨルノズク
study: [SFC][高音質BGM][サントラ] ぱにっくボンバーワールド Part1 (19:20) #sm13136937
study: くゆりす #名前の最後をすにすると可愛い ＞げっ歯類＜
study: 【イロコトバ】頭脳明晰先生 ID370261 #色彩心理テスト これ
study: しす #名前の最後をすにすると可愛い ＞突然の死＜
study: 誰かいろ言葉で相性判定しよー
study: 【イロコトバ】頭脳明晰先生 ID370261 #色彩心理テスト
study: それな
study: ヨルノズク ヨルノズク
study: #1rtごとに好きなポケモン言う
study: ぐっぐぐー！
study: のーみそこねこね
study: それはそうと、セガ歴代キャラとしてアルルとカーバンクルがいるのは解せませんね
study: 逞しくたっく
study: ( ｰ`дｰ´)
study: 
study: ｶﾞﾝﾊﾞｯﾃｰ(∞*･3･*)ﾉ
study: 私は 5/1 22:04 以降 113 回呟きました。（前日比：+43回） #countkun @hexad_chrome
study: はぁ
study: 手乗りロトム
study: たっくこわい
study: 僕は存在感がないことで有名（自己矛盾）
study: ʕ ·ᴥ·ʔ
study: ほわぁ
study: ネクストコナンズアンサー！ 和田さん
study: ゲーセンでランフリ！？
study: サメハダーさんの別件って、ランフリなのかな
undefined method `sample' for #<Array:0x10a0d29a0>
study: 夢の中ならリーマン予想答えられるのになー
study: 
study: ゴマフアザラシさん確定2（ツイートで召喚）調整
study: 紳士だ
study: 
study: それはまぎれもなく
study: いるっていってるでしょ！虚数に送るぞ！
study: シンオウのポケモンリーグだっけ？ パワートリックツボツボが出てた記憶
study: いるよ
study: しぃしぃ
study: ツボツボ対ヨルノズクってアニポケでもあった因縁の
study: たっくが無限大に発散
study: ツボツボ対ヨルノズク（ナイトヘッド）
study: しぃしぃうっさい！
study: 林業かわいいに空目
study: 空陸両用になりたぁい
study: ＞確認がめんどくさい＜
study: ヨルノズクの各種族値と比べ、「４つ以上」が「ヨルノズクの種族値以上」だと出場不可大会
study: ヨルノズクが一番強いんだもん大会・・・？
study: 96度寝決めてた
study: ごま
study: ふ だった
study: ふりすとにゃんにゃんだ
study: ほわぁ
study: おつかれさまでしたー
study: 【ニコ生放送中】【突発大会】複合禁止！単色縛り大会【ポケモン】 #co573279
study: 【ニコ生放送中】【突発大会】複合禁止！単色縛り大会【ポケモン】 #co573279
study: 【ニコ生放送中】【突発大会】複合禁止！単色縛り大会【ポケモン】 #co573279
study: 【ニコ生放送中】【突発大会】複合禁止！単色縛り大会【ポケモン】 #co573279
study: 【ニコ生放送中】【突発大会】複合禁止！単色縛り大会【ポケモン】 #co573279
study: 【ニコ生放送中】【突発大会】複合禁止！単色縛り大会【ポケモン】 #co573279
study: 【ニコ生放送中】【突発大会】複合禁止！単色縛り大会【ポケモン】 #co573279
study: 【ニコ生放送中】【突発大会】複合禁止！単色縛り大会【ポケモン】 #co573279
study: 【ニコ生放送中】【突発大会】募集しながら景品を考える枠【ポケモン】 #co573279
study: うん
study: 放送しようと思ったら１８０人待ちだったｽﾞﾝﾄﾞｺ
study: シングルだとかなり多いよ
study: アングラなものにはアングラな理由があるんだからアングラを地上に出そうとすること自体がおかしい
study: トイレ行ってから枠トリます
study: 私は 5/3 22:01 以降 108 回呟きました。（前日比：+65回） #countkun @hexad_chrome
study: 大丈夫だ、問題ない
study: 突発大会どうしよー 明日の昼にしようかな・・・（←疲れてる奴
study: 
study: 出てない
study: そういえばポップンミュージックにたっくさん出てた
study: たっくかよ
study: ☆･:ﾟ*ｵｫヾ(o´∀｀o)ﾉｫｵ*ﾟ:･☆
study: ？
study: ケモノが言語喋らなくても全然平気なくらいにはケモナー
study: めしぃ
study: (o^-')b
study: |///|ヽ(ﾟДﾟ )ﾉ|///|ﾀﾀﾞｲﾏｰ
study: 大会潜ってない自分は特になにも言えないけどｗ
study: にくきゅうを触るお仕事したい
study: ほわぁ
study: 降参は相手への冒涜って考えの人結構会うけど、シングル勢からするとガチパでも初手降参があり得るからな…
study: 猫に囲まれてる
study: あくび
study: （大会の流行は読みにくいし）
study: （正直初手降参はサブロムつかって流行を誰よりも早く確かめてるだけな気がするけどね）
study: んー そのまだマシって感覚がよくわからないけど、された人「だけ」が広めてるなら別になんとも思わない
study: (*^-')b
study: （ネタパ勢と根本は変わらないような…）
study: 重力じゃないだけ良心的
study: 有名になる 以上
study: 持ち上げて（フリーフォール）落とす！？（うちおとす）
study: 初手スキスワ
study: いかくマンダとりんぷんモルフォンというコンビがいてだな
study: しぃ
study: 単タイプ大会を開くので暇な人はどうぞ
study: 和音の真ん中のおとはど真ん中じゃなくて上か下に少しずらす方が良いと言う話を聞いたマン
study: (o・・o)
study: 僕のレート1500だし
study: 商品が特にない…逃げなきゃ…
study: 激えごぷんぷん丸（くず）
study: 怒怒鶏っていう唐揚げ発見したんだけど、「おこおことり」って読んでしまって
study: (*￣Ｏ￣)ノ
study: じゃぱんかっぷに対抗して単ぱんかっぷを
study: 今日の夜突発大会開こうかな
study: かえります
study: カボチャポケモン（草炎）
study: サイズの合う靴がない…逃げなきゃ…
study: ノーマルゴースト顔してる
study: たっくにおんがえしする（102）
study: 
study: よしよし
study: 
study: ？
study: はぁ…マジたっく…
study: でけでけでん！
study: サイコシフト はねやすめ ナイトヘッド さいみんじゅつ が完成形
study: かわいいとかっ ないですからっ
study: ←ヨルノズクを過大評価させた張本人
study: 正直、ヨルノズクがちょうまいできても環境変わらないよ みんなヨルノズクを過大評価しすぎ
study: え？ ちょうまいヨルノズク？
study: ＴＬにトリルして離脱するわｗｗｗじゃあのｗｗｗ
study: しぃぃ
study: biosならなに書いてもふぁぼられないからオススメ
study: ナナフシは海老とか蟹の仲間だよ
study: 僕のＴＬにマジキチとかいないし
study: 生き返った
study: タンギング…
study: (*^-')b
study: ぼくは せいべつを こえる
study: o(^-^o)(o^-^)o
study: こえた
study: 音速を 越えろ！
study: 2013/05/03に @hexad_chrome のTLから見つかったパクツイ・パクられツイは17件ですた。 おいでよ パクツイの森: #パク森 #パクレポ
study: 服を買いに来てる
study: ☆･:ﾟ*ｵｫヾ(o´∀｀o)ﾉｫｵ*ﾟ:･☆
study: 朝ごはんもらっちゃった！(´～｀)ﾓｸﾞﾓｸﾞ
study: おはしぃ
study: おやすみなさい
study: めしをよそってたら布団によそわれたわｗｗｗ寝るかｗｗｗｗ
study: ゃ！
study: ほらなｗｗｗｗｗじゃあのｗｗｗ
study: 燻火はメシをよそえました！おめでとう！よっそいよっそい！よっそいよっそい！！ #meshiyosoi
study: 飯をよそえないとかｗｗｗｗそんなやついるわけないじゃんｗｗｗ
study: 
study: Rさんが年下の男の子をご飯にする？
study: おかおか
study: ビタミンR って ありそう
study: ーーー
study: サイコショック（察し）
study: クレセリアA７０もあるじゃん
study: おみくじ引いとこ (＾ω＾)つ |￣ ￣| ￣￣￣ なに吉かな〜♪ (＾ω＾)つ◽？ (＾ω＾)..... ＿＿ ｜マ｜ ｜ジ｜ ｜吉｜ ￣￣ (♭ﾟёﾟ)♭ファーーーwwwww
study: ピジョットの夢特性が威嚇ならよかったのに
study: このまえ暴風ピジョットならみた。追加効果の混乱で３タテされた
study: 恩返しの代わりにフェザダン？
study: たっく（遺伝子組み換え
study: 青
study: なかなかにばらばらしぃ
study: オレンジ
study: でた！３秒パクツイ！
study: Zzz…(*´～｀*)｡o○ ﾑﾆｬﾑﾆｬ
study: ( ・д・)/－－＝≡(((卍 ｼｭｯ!!
study: #あなた的私の印象カラー
study: ☆･:ﾟ*ｵｫヾ(o´∀｀o)ﾉｫｵ*ﾟ:･☆
study: ／| | ＿／ | ||| | ||| ヽ ｼﾞｰ… | ● | |人_) ＝; |γ"ヽ ノ || ﾞ |ヽ＿ノ| | | | | | π | | ∥ | |人 |
study: 鈍色
study: S91という素早さは、相手のスカーフを見つつ先手とんボルチェン出来る絶妙な数値
study: ポケモン！ゲットだぜ！（ｶﾞﾁｬｶﾞﾁｬ #名セリフの後ろにｶﾞﾁｬｶﾞﾁｬと付けると課金兵
study: ノーマルロトムとピジョットのSって同じなの初めて知った
study: 水色
study: あ？
study: ぷよぷよ食べる
study: ﾄﾞｺﾄﾞｺ
study: 私は 5/2 22:00 以降 43 回呟きました。（前日比：-70回） #countkun @hexad_chrome
study: ほわわぁ
study: Nロトムのすばやさってスカーフを確かめるのにピッタリだよね
study: 2013/05/02に @hexad_chrome のTLから見つかったパクツイ・パクられツイは13件ですた。 おいでよ パクツイの森: #パク森 #パクレポ
study: コンクリの隙間きっちり埋めてやってるのに「雑」とか言われる雑草の気持ちも考えろよ
study: sea
study: やんでれぼっとに気に入られたのかも？
study: ！？
study: ほわぁ
study: 行けピカチュウ！ １０万ジーメンスだ！
study: 
study: 
study: しぃで止まります
study: ぱるるっ
study: 誰か拾ってください
study: 三ヽ(´◔‿ゝ◔`)ﾉ┌┛ｳﾜｱｱｱｱｱｱｱｱｱｱｱｱ [シャンデラ]
study: 大学入ってツイッター始めたしぃ is 非常にPure
study: なんじゃ！
study: たっくがプロフを変える瞬間 プライスレス
study: 洗濯物と戯れてたマン
study: ↓たっく
study: おやしぃぃ
study: 
study: 強いシンクロは特にありません。 がじわじわ
study: しぃんくろせず
study: ハーゲンダッツこわい
study: ヨルノズク
study: [SFC][高音質BGM][サントラ] ぱにっくボンバーワールド Part1 (19:20) #sm13136937
study: くゆりす #名前の最後をすにすると可愛い ＞げっ歯類＜
study: 【イロコトバ】頭脳明晰先生 ID370261 #色彩心理テスト これ
study: しす #名前の最後をすにすると可愛い ＞突然の死＜
study: 誰かいろ言葉で相性判定しよー
study: 【イロコトバ】頭脳明晰先生 ID370261 #色彩心理テスト
study: それな
study: ヨルノズク ヨルノズク
study: #1rtごとに好きなポケモン言う
study: ぐっぐぐー！
study: のーみそこねこね
study: それはそうと、セガ歴代キャラとしてアルルとカーバンクルがいるのは解せませんね
study: 逞しくたっく
study: ( ｰ`дｰ´)
study: 
study: ｶﾞﾝﾊﾞｯﾃｰ(∞*･3･*)ﾉ
study: 私は 5/1 22:04 以降 113 回呟きました。（前日比：+43回） #countkun @hexad_chrome
study: はぁ
study: 手乗りロトム
study: たっくこわい
study: 僕は存在感がないことで有名（自己矛盾）
study: ʕ ·ᴥ·ʔ
study: ほわぁ
study: ネクストコナンズアンサー！ 和田さん
study: ゲーセンでランフリ！？
study: サメハダーさんの別件って、ランフリなのかな
undefined method `sample' for #<Array:0x109f91eb0>
study: 夢の中ならリーマン予想答えられるのになー
study: 
study: ゴマフアザラシさん確定2（ツイートで召喚）調整
study: 紳士だ
study: 
study: それはまぎれもなく
study: いるっていってるでしょ！虚数に送るぞ！
study: シンオウのポケモンリーグだっけ？ パワートリックツボツボが出てた記憶
study: いるよ
study: しぃしぃ
study: ツボツボ対ヨルノズクってアニポケでもあった因縁の
study: たっくが無限大に発散
study: ツボツボ対ヨルノズク（ナイトヘッド）
study: しぃしぃうっさい！
study: 林業かわいいに空目
study: 空陸両用になりたぁい
study: ＞確認がめんどくさい＜
study: ヨルノズクの各種族値と比べ、「４つ以上」が「ヨルノズクの種族値以上」だと出場不可大会
study: ヨルノズクが一番強いんだもん大会・・・？
study: 96度寝決めてた
study: ごま
study: ふ だった
study: ふりすとにゃんにゃんだ
study: ほわぁ
study: おつかれさまでしたー
study: 【ニコ生放送中】【突発大会】複合禁止！単色縛り大会【ポケモン】 #co573279
study: 【ニコ生放送中】【突発大会】複合禁止！単色縛り大会【ポケモン】 #co573279
study: 【ニコ生放送中】【突発大会】複合禁止！単色縛り大会【ポケモン】 #co573279
study: 【ニコ生放送中】【突発大会】複合禁止！単色縛り大会【ポケモン】 #co573279
study: 【ニコ生放送中】【突発大会】複合禁止！単色縛り大会【ポケモン】 #co573279
study: 【ニコ生放送中】【突発大会】複合禁止！単色縛り大会【ポケモン】 #co573279
study: 【ニコ生放送中】【突発大会】複合禁止！単色縛り大会【ポケモン】 #co573279
study: 【ニコ生放送中】【突発大会】複合禁止！単色縛り大会【ポケモン】 #co573279
study: 【ニコ生放送中】【突発大会】募集しながら景品を考える枠【ポケモン】 #co573279
study: うん
study: 放送しようと思ったら１８０人待ちだったｽﾞﾝﾄﾞｺ
study: シングルだとかなり多いよ
study: アングラなものにはアングラな理由があるんだからアングラを地上に出そうとすること自体がおかしい
study: トイレ行ってから枠トリます
study: 私は 5/3 22:01 以降 108 回呟きました。（前日比：+65回） #countkun @hexad_chrome
study: 大丈夫だ、問題ない
study: 突発大会どうしよー 明日の昼にしようかな・・・（←疲れてる奴
study: 
study: 出てない
study: そういえばポップンミュージックにたっくさん出てた
study: たっくかよ
study: ☆･:ﾟ*ｵｫヾ(o´∀｀o)ﾉｫｵ*ﾟ:･☆
study: ？
study: ケモノが言語喋らなくても全然平気なくらいにはケモナー
study: めしぃ
study: (o^-')b
study: |///|ヽ(ﾟДﾟ )ﾉ|///|ﾀﾀﾞｲﾏｰ
study: 大会潜ってない自分は特になにも言えないけどｗ
study: にくきゅうを触るお仕事したい
study: ほわぁ
study: 降参は相手への冒涜って考えの人結構会うけど、シングル勢からするとガチパでも初手降参があり得るからな…
study: 猫に囲まれてる
study: あくび
study: （大会の流行は読みにくいし）
study: （正直初手降参はサブロムつかって流行を誰よりも早く確かめてるだけな気がするけどね）
study: んー そのまだマシって感覚がよくわからないけど、された人「だけ」が広めてるなら別になんとも思わない
study: (*^-')b
study: （ネタパ勢と根本は変わらないような…）
study: 重力じゃないだけ良心的
study: 有名になる 以上
study: 持ち上げて（フリーフォール）落とす！？（うちおとす）
study: 初手スキスワ
study: いかくマンダとりんぷんモルフォンというコンビがいてだな
study: しぃ
study: 単タイプ大会を開くので暇な人はどうぞ
study: 和音の真ん中のおとはど真ん中じゃなくて上か下に少しずらす方が良いと言う話を聞いたマン
study: (o・・o)
study: 僕のレート1500だし
study: 商品が特にない…逃げなきゃ…
study: 激えごぷんぷん丸（くず）
study: 怒怒鶏っていう唐揚げ発見したんだけど、「おこおことり」って読んでしまって
study: (*￣Ｏ￣)ノ
study: じゃぱんかっぷに対抗して単ぱんかっぷを
study: 今日の夜突発大会開こうかな
study: かえります
study: カボチャポケモン（草炎）
study: サイズの合う靴がない…逃げなきゃ…
study: ノーマルゴースト顔してる
study: たっくにおんがえしする（102）
study: 
study: よしよし
study: 
study: ？
study: はぁ…マジたっく…
study: でけでけでん！
study: サイコシフト はねやすめ ナイトヘッド さいみんじゅつ が完成形
study: かわいいとかっ ないですからっ
study: ←ヨルノズクを過大評価させた張本人
study: 正直、ヨルノズクがちょうまいできても環境変わらないよ みんなヨルノズクを過大評価しすぎ
study: え？ ちょうまいヨルノズク？
study: ＴＬにトリルして離脱するわｗｗｗじゃあのｗｗｗ
study: しぃぃ
study: biosならなに書いてもふぁぼられないからオススメ
study: ナナフシは海老とか蟹の仲間だよ
study: 僕のＴＬにマジキチとかいないし
study: 生き返った
study: タンギング…
study: (*^-')b
study: ぼくは せいべつを こえる
study: o(^-^o)(o^-^)o
study: こえた
study: 音速を 越えろ！
study: 2013/05/03に @hexad_chrome のTLから見つかったパクツイ・パクられツイは17件ですた。 おいでよ パクツイの森: #パク森 #パクレポ
study: 服を買いに来てる
study: ☆･:ﾟ*ｵｫヾ(o´∀｀o)ﾉｫｵ*ﾟ:･☆
study: 朝ごはんもらっちゃった！(´～｀)ﾓｸﾞﾓｸﾞ
study: おはしぃ
study: おやすみなさい
study: めしをよそってたら布団によそわれたわｗｗｗ寝るかｗｗｗｗ
study: ゃ！
study: ほらなｗｗｗｗｗじゃあのｗｗｗ
study: 燻火はメシをよそえました！おめでとう！よっそいよっそい！よっそいよっそい！！ #meshiyosoi
study: 飯をよそえないとかｗｗｗｗそんなやついるわけないじゃんｗｗｗ
study: 
study: Rさんが年下の男の子をご飯にする？
study: おかおか
study: ビタミンR って ありそう
study: ーーー
study: サイコショック（察し）
study: クレセリアA７０もあるじゃん
study: おみくじ引いとこ (＾ω＾)つ |￣ ￣| ￣￣￣ なに吉かな〜♪ (＾ω＾)つ◽？ (＾ω＾)..... ＿＿ ｜マ｜ ｜ジ｜ ｜吉｜ ￣￣ (♭ﾟёﾟ)♭ファーーーwwwww
study: ピジョットの夢特性が威嚇ならよかったのに
study: このまえ暴風ピジョットならみた。追加効果の混乱で３タテされた
study: 恩返しの代わりにフェザダン？
study: たっく（遺伝子組み換え
study: 青
study: なかなかにばらばらしぃ
study: オレンジ
study: でた！３秒パクツイ！
study: Zzz…(*´～｀*)｡o○ ﾑﾆｬﾑﾆｬ
study: ( ・д・)/－－＝≡(((卍 ｼｭｯ!!
study: #あなた的私の印象カラー
study: ☆･:ﾟ*ｵｫヾ(o´∀｀o)ﾉｫｵ*ﾟ:･☆
study: ／| | ＿／ | ||| | ||| ヽ ｼﾞｰ… | ● | |人_) ＝; |γ"ヽ ノ || ﾞ |ヽ＿ノ| | | | | | π | | ∥ | |人 |
study: 鈍色
study: S91という素早さは、相手のスカーフを見つつ先手とんボルチェン出来る絶妙な数値
study: ポケモン！ゲットだぜ！（ｶﾞﾁｬｶﾞﾁｬ #名セリフの後ろにｶﾞﾁｬｶﾞﾁｬと付けると課金兵
study: ノーマルロトムとピジョットのSって同じなの初めて知った
study: 水色
study: あ？
study: ぷよぷよ食べる
study: ﾄﾞｺﾄﾞｺ
study: 私は 5/2 22:00 以降 43 回呟きました。（前日比：-70回） #countkun @hexad_chrome
study: ほわわぁ
study: Nロトムのすばやさってスカーフを確かめるのにピッタリだよね
study: 2013/05/02に @hexad_chrome のTLから見つかったパクツイ・パクられツイは13件ですた。 おいでよ パクツイの森: #パク森 #パクレポ
study: コンクリの隙間きっちり埋めてやってるのに「雑」とか言われる雑草の気持ちも考えろよ
study: sea
study: やんでれぼっとに気に入られたのかも？
study: ！？
study: ほわぁ
study: 行けピカチュウ！ １０万ジーメンスだ！
study: 
study: 
study: しぃで止まります
study: ぱるるっ
study: 誰か拾ってください
study: 三ヽ(´◔‿ゝ◔`)ﾉ┌┛ｳﾜｱｱｱｱｱｱｱｱｱｱｱｱ [シャンデラ]
study: 大学入ってツイッター始めたしぃ is 非常にPure
study: なんじゃ！
study: たっくがプロフを変える瞬間 プライスレス
study: 洗濯物と戯れてたマン
study: ↓たっく
study: おやしぃぃ
study: 
study: 強いシンクロは特にありません。 がじわじわ
study: しぃんくろせず
study: ハーゲンダッツこわい
study: ヨルノズク
study: [SFC][高音質BGM][サントラ] ぱにっくボンバーワールド Part1 (19:20) #sm13136937
study: くゆりす #名前の最後をすにすると可愛い ＞げっ歯類＜
study: 【イロコトバ】頭脳明晰先生 ID370261 #色彩心理テスト これ
study: しす #名前の最後をすにすると可愛い ＞突然の死＜
study: 誰かいろ言葉で相性判定しよー
study: 【イロコトバ】頭脳明晰先生 ID370261 #色彩心理テスト
study: それな
study: ヨルノズク ヨルノズク
study: #1rtごとに好きなポケモン言う
study: ぐっぐぐー！
study: のーみそこねこね
study: それはそうと、セガ歴代キャラとしてアルルとカーバンクルがいるのは解せませんね
study: 逞しくたっく
study: ( ｰ`дｰ´)
study: 
study: ｶﾞﾝﾊﾞｯﾃｰ(∞*･3･*)ﾉ
study: 私は 5/1 22:04 以降 113 回呟きました。（前日比：+43回） #countkun @hexad_chrome
study: はぁ
study: 手乗りロトム
study: たっくこわい
study: 僕は存在感がないことで有名（自己矛盾）
study: ʕ ·ᴥ·ʔ
study: ほわぁ
study: ネクストコナンズアンサー！ 和田さん
study: ゲーセンでランフリ！？
study: サメハダーさんの別件って、ランフリなのかな
undefined method `sample' for #<Array:0x10a1319c8>
study: 夢の中ならリーマン予想答えられるのになー
study: 
study: ゴマフアザラシさん確定2（ツイートで召喚）調整
study: 紳士だ
study: 
study: それはまぎれもなく
study: いるっていってるでしょ！虚数に送るぞ！
study: シンオウのポケモンリーグだっけ？ パワートリックツボツボが出てた記憶
study: いるよ
study: しぃしぃ
study: ツボツボ対ヨルノズクってアニポケでもあった因縁の
study: たっくが無限大に発散
study: ツボツボ対ヨルノズク（ナイトヘッド）
study: しぃしぃうっさい！
study: 林業かわいいに空目
study: 空陸両用になりたぁい
study: ＞確認がめんどくさい＜
study: ヨルノズクの各種族値と比べ、「４つ以上」が「ヨルノズクの種族値以上」だと出場不可大会
study: ヨルノズクが一番強いんだもん大会・・・？
study: 96度寝決めてた
study: ごま
study: ふ だった
study: ふりすとにゃんにゃんだ
study: ほわぁ
study: おつかれさまでしたー
study: 【ニコ生放送中】【突発大会】複合禁止！単色縛り大会【ポケモン】 #co573279
study: 【ニコ生放送中】【突発大会】複合禁止！単色縛り大会【ポケモン】 #co573279
study: 【ニコ生放送中】【突発大会】複合禁止！単色縛り大会【ポケモン】 #co573279
study: 【ニコ生放送中】【突発大会】複合禁止！単色縛り大会【ポケモン】 #co573279
study: 【ニコ生放送中】【突発大会】複合禁止！単色縛り大会【ポケモン】 #co573279
study: 【ニコ生放送中】【突発大会】複合禁止！単色縛り大会【ポケモン】 #co573279
study: 【ニコ生放送中】【突発大会】複合禁止！単色縛り大会【ポケモン】 #co573279
study: 【ニコ生放送中】【突発大会】複合禁止！単色縛り大会【ポケモン】 #co573279
study: 【ニコ生放送中】【突発大会】募集しながら景品を考える枠【ポケモン】 #co573279
study: うん
study: 放送しようと思ったら１８０人待ちだったｽﾞﾝﾄﾞｺ
study: シングルだとかなり多いよ
study: アングラなものにはアングラな理由があるんだからアングラを地上に出そうとすること自体がおかしい
study: トイレ行ってから枠トリます
study: 私は 5/3 22:01 以降 108 回呟きました。（前日比：+65回） #countkun @hexad_chrome
study: 大丈夫だ、問題ない
study: 突発大会どうしよー 明日の昼にしようかな・・・（←疲れてる奴
study: 
study: 出てない
study: そういえばポップンミュージックにたっくさん出てた
study: たっくかよ
study: ☆･:ﾟ*ｵｫヾ(o´∀｀o)ﾉｫｵ*ﾟ:･☆
study: ？
study: ケモノが言語喋らなくても全然平気なくらいにはケモナー
study: めしぃ
study: (o^-')b
study: |///|ヽ(ﾟДﾟ )ﾉ|///|ﾀﾀﾞｲﾏｰ
study: 大会潜ってない自分は特になにも言えないけどｗ
study: にくきゅうを触るお仕事したい
study: ほわぁ
study: 降参は相手への冒涜って考えの人結構会うけど、シングル勢からするとガチパでも初手降参があり得るからな…
study: 猫に囲まれてる
study: あくび
study: （大会の流行は読みにくいし）
study: （正直初手降参はサブロムつかって流行を誰よりも早く確かめてるだけな気がするけどね）
study: んー そのまだマシって感覚がよくわからないけど、された人「だけ」が広めてるなら別になんとも思わない
study: (*^-')b
study: （ネタパ勢と根本は変わらないような…）
study: 重力じゃないだけ良心的
study: 有名になる 以上
study: 持ち上げて（フリーフォール）落とす！？（うちおとす）
study: 初手スキスワ
study: いかくマンダとりんぷんモルフォンというコンビがいてだな
study: しぃ
study: 単タイプ大会を開くので暇な人はどうぞ
study: 和音の真ん中のおとはど真ん中じゃなくて上か下に少しずらす方が良いと言う話を聞いたマン
study: (o・・o)
study: 僕のレート1500だし
study: 商品が特にない…逃げなきゃ…
study: 激えごぷんぷん丸（くず）
study: 怒怒鶏っていう唐揚げ発見したんだけど、「おこおことり」って読んでしまって
study: (*￣Ｏ￣)ノ
study: じゃぱんかっぷに対抗して単ぱんかっぷを
study: 今日の夜突発大会開こうかな
study: かえります
study: カボチャポケモン（草炎）
study: サイズの合う靴がない…逃げなきゃ…
study: ノーマルゴースト顔してる
study: たっくにおんがえしする（102）
study: 
study: よしよし
study: 
study: ？
study: はぁ…マジたっく…
study: でけでけでん！
study: サイコシフト はねやすめ ナイトヘッド さいみんじゅつ が完成形
study: かわいいとかっ ないですからっ
study: ←ヨルノズクを過大評価させた張本人
study: 正直、ヨルノズクがちょうまいできても環境変わらないよ みんなヨルノズクを過大評価しすぎ
study: え？ ちょうまいヨルノズク？
study: ＴＬにトリルして離脱するわｗｗｗじゃあのｗｗｗ
study: しぃぃ
study: biosならなに書いてもふぁぼられないからオススメ
study: ナナフシは海老とか蟹の仲間だよ
study: 僕のＴＬにマジキチとかいないし
study: 生き返った
study: タンギング…
study: (*^-')b
study: ぼくは せいべつを こえる
study: o(^-^o)(o^-^)o
study: こえた
study: 音速を 越えろ！
study: 2013/05/03に @hexad_chrome のTLから見つかったパクツイ・パクられツイは17件ですた。 おいでよ パクツイの森: #パク森 #パクレポ
study: 服を買いに来てる
study: ☆･:ﾟ*ｵｫヾ(o´∀｀o)ﾉｫｵ*ﾟ:･☆
study: 朝ごはんもらっちゃった！(´～｀)ﾓｸﾞﾓｸﾞ
study: おはしぃ
study: おやすみなさい
study: めしをよそってたら布団によそわれたわｗｗｗ寝るかｗｗｗｗ
study: ゃ！
study: ほらなｗｗｗｗｗじゃあのｗｗｗ
study: 燻火はメシをよそえました！おめでとう！よっそいよっそい！よっそいよっそい！！ #meshiyosoi
study: 飯をよそえないとかｗｗｗｗそんなやついるわけないじゃんｗｗｗ
study: 
study: Rさんが年下の男の子をご飯にする？
study: おかおか
study: ビタミンR って ありそう
study: ーーー
study: サイコショック（察し）
study: クレセリアA７０もあるじゃん
study: おみくじ引いとこ (＾ω＾)つ |￣ ￣| ￣￣￣ なに吉かな〜♪ (＾ω＾)つ◽？ (＾ω＾)..... ＿＿ ｜マ｜ ｜ジ｜ ｜吉｜ ￣￣ (♭ﾟёﾟ)♭ファーーーwwwww
study: ピジョットの夢特性が威嚇ならよかったのに
study: このまえ暴風ピジョットならみた。追加効果の混乱で３タテされた
study: 恩返しの代わりにフェザダン？
study: たっく（遺伝子組み換え
study: 青
study: なかなかにばらばらしぃ
study: オレンジ
study: でた！３秒パクツイ！
study: Zzz…(*´～｀*)｡o○ ﾑﾆｬﾑﾆｬ
study: ( ・д・)/－－＝≡(((卍 ｼｭｯ!!
study: #あなた的私の印象カラー
study: ☆･:ﾟ*ｵｫヾ(o´∀｀o)ﾉｫｵ*ﾟ:･☆
study: ／| | ＿／ | ||| | ||| ヽ ｼﾞｰ… | ● | |人_) ＝; |γ"ヽ ノ || ﾞ |ヽ＿ノ| | | | | | π | | ∥ | |人 |
study: 鈍色
study: S91という素早さは、相手のスカーフを見つつ先手とんボルチェン出来る絶妙な数値
study: ポケモン！ゲットだぜ！（ｶﾞﾁｬｶﾞﾁｬ #名セリフの後ろにｶﾞﾁｬｶﾞﾁｬと付けると課金兵
study: ノーマルロトムとピジョットのSって同じなの初めて知った
study: 水色
study: あ？
study: ぷよぷよ食べる
study: ﾄﾞｺﾄﾞｺ
study: 私は 5/2 22:00 以降 43 回呟きました。（前日比：-70回） #countkun @hexad_chrome
study: ほわわぁ
study: Nロトムのすばやさってスカーフを確かめるのにピッタリだよね
study: 2013/05/02に @hexad_chrome のTLから見つかったパクツイ・パクられツイは13件ですた。 おいでよ パクツイの森: #パク森 #パクレポ
study: コンクリの隙間きっちり埋めてやってるのに「雑」とか言われる雑草の気持ちも考えろよ
study: sea
study: やんでれぼっとに気に入られたのかも？
study: ！？
study: ほわぁ
study: 行けピカチュウ！ １０万ジーメンスだ！
study: 
study: 
study: しぃで止まります
study: ぱるるっ
study: 誰か拾ってください
study: 三ヽ(´◔‿ゝ◔`)ﾉ┌┛ｳﾜｱｱｱｱｱｱｱｱｱｱｱｱ [シャンデラ]
study: 大学入ってツイッター始めたしぃ is 非常にPure
study: なんじゃ！
study: たっくがプロフを変える瞬間 プライスレス
study: 洗濯物と戯れてたマン
study: ↓たっく
study: おやしぃぃ
study: 
study: 強いシンクロは特にありません。 がじわじわ
study: しぃんくろせず
study: ハーゲンダッツこわい
study: ヨルノズク
study: [SFC][高音質BGM][サントラ] ぱにっくボンバーワールド Part1 (19:20) #sm13136937
study: くゆりす #名前の最後をすにすると可愛い ＞げっ歯類＜
study: 【イロコトバ】頭脳明晰先生 ID370261 #色彩心理テスト これ
study: しす #名前の最後をすにすると可愛い ＞突然の死＜
study: 誰かいろ言葉で相性判定しよー
study: 【イロコトバ】頭脳明晰先生 ID370261 #色彩心理テスト
study: それな
study: ヨルノズク ヨルノズク
study: #1rtごとに好きなポケモン言う
study: ぐっぐぐー！
study: のーみそこねこね
study: それはそうと、セガ歴代キャラとしてアルルとカーバンクルがいるのは解せませんね
study: 逞しくたっく
study: ( ｰ`дｰ´)
study: 
study: ｶﾞﾝﾊﾞｯﾃｰ(∞*･3･*)ﾉ
study: 私は 5/1 22:04 以降 113 回呟きました。（前日比：+43回） #countkun @hexad_chrome
study: はぁ
study: 手乗りロトム
study: たっくこわい
study: 僕は存在感がないことで有名（自己矛盾）
study: ʕ ·ᴥ·ʔ
study: ほわぁ
study: ネクストコナンズアンサー！ 和田さん
study: ゲーセンでランフリ！？
study: サメハダーさんの別件って、ランフリなのかな
undefined method `sample' for #<Array:0x10a1a8d48>
study: 夢の中ならリーマン予想答えられるのになー
study: 
study: ゴマフアザラシさん確定2（ツイートで召喚）調整
study: 紳士だ
study: 
study: それはまぎれもなく
study: いるっていってるでしょ！虚数に送るぞ！
study: シンオウのポケモンリーグだっけ？ パワートリックツボツボが出てた記憶
study: いるよ
study: しぃしぃ
study: ツボツボ対ヨルノズクってアニポケでもあった因縁の
study: たっくが無限大に発散
study: ツボツボ対ヨルノズク（ナイトヘッド）
study: しぃしぃうっさい！
study: 林業かわいいに空目
study: 空陸両用になりたぁい
study: ＞確認がめんどくさい＜
study: ヨルノズクの各種族値と比べ、「４つ以上」が「ヨルノズクの種族値以上」だと出場不可大会
study: ヨルノズクが一番強いんだもん大会・・・？
study: 96度寝決めてた
study: ごま
study: ふ だった
study: ふりすとにゃんにゃんだ
study: ほわぁ
study: おつかれさまでしたー
study: 【ニコ生放送中】【突発大会】複合禁止！単色縛り大会【ポケモン】 #co573279
study: 【ニコ生放送中】【突発大会】複合禁止！単色縛り大会【ポケモン】 #co573279
study: 【ニコ生放送中】【突発大会】複合禁止！単色縛り大会【ポケモン】 #co573279
study: 【ニコ生放送中】【突発大会】複合禁止！単色縛り大会【ポケモン】 #co573279
study: 【ニコ生放送中】【突発大会】複合禁止！単色縛り大会【ポケモン】 #co573279
study: 【ニコ生放送中】【突発大会】複合禁止！単色縛り大会【ポケモン】 #co573279
study: 【ニコ生放送中】【突発大会】複合禁止！単色縛り大会【ポケモン】 #co573279
study: 【ニコ生放送中】【突発大会】複合禁止！単色縛り大会【ポケモン】 #co573279
study: 【ニコ生放送中】【突発大会】募集しながら景品を考える枠【ポケモン】 #co573279
study: うん
study: 放送しようと思ったら１８０人待ちだったｽﾞﾝﾄﾞｺ
study: シングルだとかなり多いよ
study: アングラなものにはアングラな理由があるんだからアングラを地上に出そうとすること自体がおかしい
study: トイレ行ってから枠トリます
study: 私は 5/3 22:01 以降 108 回呟きました。（前日比：+65回） #countkun @hexad_chrome
study: 大丈夫だ、問題ない
study: 突発大会どうしよー 明日の昼にしようかな・・・（←疲れてる奴
study: 
study: 出てない
study: そういえばポップンミュージックにたっくさん出てた
study: たっくかよ
study: ☆･:ﾟ*ｵｫヾ(o´∀｀o)ﾉｫｵ*ﾟ:･☆
study: ？
study: ケモノが言語喋らなくても全然平気なくらいにはケモナー
study: めしぃ
study: (o^-')b
study: |///|ヽ(ﾟДﾟ )ﾉ|///|ﾀﾀﾞｲﾏｰ
study: 大会潜ってない自分は特になにも言えないけどｗ
study: にくきゅうを触るお仕事したい
study: ほわぁ
study: 降参は相手への冒涜って考えの人結構会うけど、シングル勢からするとガチパでも初手降参があり得るからな…
study: 猫に囲まれてる
study: あくび
study: （大会の流行は読みにくいし）
study: （正直初手降参はサブロムつかって流行を誰よりも早く確かめてるだけな気がするけどね）
study: んー そのまだマシって感覚がよくわからないけど、された人「だけ」が広めてるなら別になんとも思わない
study: (*^-')b
study: （ネタパ勢と根本は変わらないような…）
study: 重力じゃないだけ良心的
study: 有名になる 以上
study: 持ち上げて（フリーフォール）落とす！？（うちおとす）
study: 初手スキスワ
study: いかくマンダとりんぷんモルフォンというコンビがいてだな
study: しぃ
study: 単タイプ大会を開くので暇な人はどうぞ
study: 和音の真ん中のおとはど真ん中じゃなくて上か下に少しずらす方が良いと言う話を聞いたマン
study: (o・・o)
study: 僕のレート1500だし
study: 商品が特にない…逃げなきゃ…
study: 激えごぷんぷん丸（くず）
study: 怒怒鶏っていう唐揚げ発見したんだけど、「おこおことり」って読んでしまって
study: (*￣Ｏ￣)ノ
study: じゃぱんかっぷに対抗して単ぱんかっぷを
study: 今日の夜突発大会開こうかな
study: かえります
study: カボチャポケモン（草炎）
study: サイズの合う靴がない…逃げなきゃ…
study: ノーマルゴースト顔してる
study: たっくにおんがえしする（102）
study: 
study: よしよし
study: 
study: ？
study: はぁ…マジたっく…
study: でけでけでん！
study: サイコシフト はねやすめ ナイトヘッド さいみんじゅつ が完成形
study: かわいいとかっ ないですからっ
study: ←ヨルノズクを過大評価させた張本人
study: 正直、ヨルノズクがちょうまいできても環境変わらないよ みんなヨルノズクを過大評価しすぎ
study: え？ ちょうまいヨルノズク？
study: ＴＬにトリルして離脱するわｗｗｗじゃあのｗｗｗ
study: しぃぃ
study: biosならなに書いてもふぁぼられないからオススメ
study: ナナフシは海老とか蟹の仲間だよ
study: 僕のＴＬにマジキチとかいないし
study: 生き返った
study: タンギング…
study: (*^-')b
study: ぼくは せいべつを こえる
study: o(^-^o)(o^-^)o
study: こえた
study: 音速を 越えろ！
study: 2013/05/03に @hexad_chrome のTLから見つかったパクツイ・パクられツイは17件ですた。 おいでよ パクツイの森: #パク森 #パクレポ
study: 服を買いに来てる
study: ☆･:ﾟ*ｵｫヾ(o´∀｀o)ﾉｫｵ*ﾟ:･☆
study: 朝ごはんもらっちゃった！(´～｀)ﾓｸﾞﾓｸﾞ
study: おはしぃ
study: おやすみなさい
study: めしをよそってたら布団によそわれたわｗｗｗ寝るかｗｗｗｗ
study: ゃ！
study: ほらなｗｗｗｗｗじゃあのｗｗｗ
study: 燻火はメシをよそえました！おめでとう！よっそいよっそい！よっそいよっそい！！ #meshiyosoi
study: 飯をよそえないとかｗｗｗｗそんなやついるわけないじゃんｗｗｗ
study: 
study: Rさんが年下の男の子をご飯にする？
study: おかおか
study: ビタミンR って ありそう
study: ーーー
study: サイコショック（察し）
study: クレセリアA７０もあるじゃん
study: おみくじ引いとこ (＾ω＾)つ |￣ ￣| ￣￣￣ なに吉かな〜♪ (＾ω＾)つ◽？ (＾ω＾)..... ＿＿ ｜マ｜ ｜ジ｜ ｜吉｜ ￣￣ (♭ﾟёﾟ)♭ファーーーwwwww
study: ピジョットの夢特性が威嚇ならよかったのに
study: このまえ暴風ピジョットならみた。追加効果の混乱で３タテされた
study: 恩返しの代わりにフェザダン？
study: たっく（遺伝子組み換え
study: 青
study: なかなかにばらばらしぃ
study: オレンジ
study: でた！３秒パクツイ！
study: Zzz…(*´～｀*)｡o○ ﾑﾆｬﾑﾆｬ
study: ( ・д・)/－－＝≡(((卍 ｼｭｯ!!
study: #あなた的私の印象カラー
study: ☆･:ﾟ*ｵｫヾ(o´∀｀o)ﾉｫｵ*ﾟ:･☆
study: ／| | ＿／ | ||| | ||| ヽ ｼﾞｰ… | ● | |人_) ＝; |γ"ヽ ノ || ﾞ |ヽ＿ノ| | | | | | π | | ∥ | |人 |
study: 鈍色
study: S91という素早さは、相手のスカーフを見つつ先手とんボルチェン出来る絶妙な数値
study: ポケモン！ゲットだぜ！（ｶﾞﾁｬｶﾞﾁｬ #名セリフの後ろにｶﾞﾁｬｶﾞﾁｬと付けると課金兵
study: ノーマルロトムとピジョットのSって同じなの初めて知った
study: 水色
study: あ？
study: ぷよぷよ食べる
study: ﾄﾞｺﾄﾞｺ
study: 私は 5/2 22:00 以降 43 回呟きました。（前日比：-70回） #countkun @hexad_chrome
study: ほわわぁ
study: Nロトムのすばやさってスカーフを確かめるのにピッタリだよね
study: 2013/05/02に @hexad_chrome のTLから見つかったパクツイ・パクられツイは13件ですた。 おいでよ パクツイの森: #パク森 #パクレポ
study: コンクリの隙間きっちり埋めてやってるのに「雑」とか言われる雑草の気持ちも考えろよ
study: sea
study: やんでれぼっとに気に入られたのかも？
study: ！？
study: ほわぁ
study: 行けピカチュウ！ １０万ジーメンスだ！
study: 
study: 
study: しぃで止まります
study: ぱるるっ
study: 誰か拾ってください
study: 三ヽ(´◔‿ゝ◔`)ﾉ┌┛ｳﾜｱｱｱｱｱｱｱｱｱｱｱｱ [シャンデラ]
study: 大学入ってツイッター始めたしぃ is 非常にPure
study: なんじゃ！
study: たっくがプロフを変える瞬間 プライスレス
study: 洗濯物と戯れてたマン
study: ↓たっく
study: おやしぃぃ
study: 
study: 強いシンクロは特にありません。 がじわじわ
study: しぃんくろせず
study: ハーゲンダッツこわい
study: ヨルノズク
study: [SFC][高音質BGM][サントラ] ぱにっくボンバーワールド Part1 (19:20) #sm13136937
study: くゆりす #名前の最後をすにすると可愛い ＞げっ歯類＜
study: 【イロコトバ】頭脳明晰先生 ID370261 #色彩心理テスト これ
study: しす #名前の最後をすにすると可愛い ＞突然の死＜
study: 誰かいろ言葉で相性判定しよー
study: 【イロコトバ】頭脳明晰先生 ID370261 #色彩心理テスト
study: それな
study: ヨルノズク ヨルノズク
study: #1rtごとに好きなポケモン言う
study: ぐっぐぐー！
study: のーみそこねこね
study: それはそうと、セガ歴代キャラとしてアルルとカーバンクルがいるのは解せませんね
study: 逞しくたっく
study: ( ｰ`дｰ´)
study: 
study: ｶﾞﾝﾊﾞｯﾃｰ(∞*･3･*)ﾉ
study: 私は 5/1 22:04 以降 113 回呟きました。（前日比：+43回） #countkun @hexad_chrome
study: はぁ
study: 手乗りロトム
study: たっくこわい
study: 僕は存在感がないことで有名（自己矛盾）
study: ʕ ·ᴥ·ʔ
study: ほわぁ
study: ネクストコナンズアンサー！ 和田さん
study: ゲーセンでランフリ！？
study: サメハダーさんの別件って、ランフリなのかな
undefined method `sample' for #<Array:0x10a1c29f0>
study: 夢の中ならリーマン予想答えられるのになー
study: 
study: ゴマフアザラシさん確定2（ツイートで召喚）調整
study: 紳士だ
study: 
study: それはまぎれもなく
study: いるっていってるでしょ！虚数に送るぞ！
study: シンオウのポケモンリーグだっけ？ パワートリックツボツボが出てた記憶
study: いるよ
study: しぃしぃ
study: ツボツボ対ヨルノズクってアニポケでもあった因縁の
study: たっくが無限大に発散
study: ツボツボ対ヨルノズク（ナイトヘッド）
study: しぃしぃうっさい！
study: 林業かわいいに空目
study: 空陸両用になりたぁい
study: ＞確認がめんどくさい＜
study: ヨルノズクの各種族値と比べ、「４つ以上」が「ヨルノズクの種族値以上」だと出場不可大会
study: ヨルノズクが一番強いんだもん大会・・・？
study: 96度寝決めてた
study: ごま
study: ふ だった
study: ふりすとにゃんにゃんだ
study: ほわぁ
study: おつかれさまでしたー
study: 【ニコ生放送中】【突発大会】複合禁止！単色縛り大会【ポケモン】 #co573279
study: 【ニコ生放送中】【突発大会】複合禁止！単色縛り大会【ポケモン】 #co573279
study: 【ニコ生放送中】【突発大会】複合禁止！単色縛り大会【ポケモン】 #co573279
study: 【ニコ生放送中】【突発大会】複合禁止！単色縛り大会【ポケモン】 #co573279
study: 【ニコ生放送中】【突発大会】複合禁止！単色縛り大会【ポケモン】 #co573279
study: 【ニコ生放送中】【突発大会】複合禁止！単色縛り大会【ポケモン】 #co573279
study: 【ニコ生放送中】【突発大会】複合禁止！単色縛り大会【ポケモン】 #co573279
study: 【ニコ生放送中】【突発大会】複合禁止！単色縛り大会【ポケモン】 #co573279
study: 【ニコ生放送中】【突発大会】募集しながら景品を考える枠【ポケモン】 #co573279
study: うん
study: 放送しようと思ったら１８０人待ちだったｽﾞﾝﾄﾞｺ
study: シングルだとかなり多いよ
study: アングラなものにはアングラな理由があるんだからアングラを地上に出そうとすること自体がおかしい
study: トイレ行ってから枠トリます
study: 私は 5/3 22:01 以降 108 回呟きました。（前日比：+65回） #countkun @hexad_chrome
study: 大丈夫だ、問題ない
study: 突発大会どうしよー 明日の昼にしようかな・・・（←疲れてる奴
study: 
study: 出てない
study: そういえばポップンミュージックにたっくさん出てた
study: たっくかよ
study: ☆･:ﾟ*ｵｫヾ(o´∀｀o)ﾉｫｵ*ﾟ:･☆
study: ？
study: ケモノが言語喋らなくても全然平気なくらいにはケモナー
study: めしぃ
study: (o^-')b
study: |///|ヽ(ﾟДﾟ )ﾉ|///|ﾀﾀﾞｲﾏｰ
study: 大会潜ってない自分は特になにも言えないけどｗ
study: にくきゅうを触るお仕事したい
study: ほわぁ
study: 降参は相手への冒涜って考えの人結構会うけど、シングル勢からするとガチパでも初手降参があり得るからな…
study: 猫に囲まれてる
study: あくび
study: （大会の流行は読みにくいし）
study: （正直初手降参はサブロムつかって流行を誰よりも早く確かめてるだけな気がするけどね）
study: んー そのまだマシって感覚がよくわからないけど、された人「だけ」が広めてるなら別になんとも思わない
study: (*^-')b
study: （ネタパ勢と根本は変わらないような…）
study: 重力じゃないだけ良心的
study: 有名になる 以上
study: 持ち上げて（フリーフォール）落とす！？（うちおとす）
study: 初手スキスワ
study: いかくマンダとりんぷんモルフォンというコンビがいてだな
study: しぃ
study: 単タイプ大会を開くので暇な人はどうぞ
study: 和音の真ん中のおとはど真ん中じゃなくて上か下に少しずらす方が良いと言う話を聞いたマン
study: (o・・o)
study: 僕のレート1500だし
study: 商品が特にない…逃げなきゃ…
study: 激えごぷんぷん丸（くず）
study: 怒怒鶏っていう唐揚げ発見したんだけど、「おこおことり」って読んでしまって
study: (*￣Ｏ￣)ノ
study: じゃぱんかっぷに対抗して単ぱんかっぷを
study: 今日の夜突発大会開こうかな
study: かえります
study: カボチャポケモン（草炎）
study: サイズの合う靴がない…逃げなきゃ…
study: ノーマルゴースト顔してる
study: たっくにおんがえしする（102）
study: 
study: よしよし
study: 
study: ？
study: はぁ…マジたっく…
study: でけでけでん！
study: サイコシフト はねやすめ ナイトヘッド さいみんじゅつ が完成形
study: かわいいとかっ ないですからっ
study: ←ヨルノズクを過大評価させた張本人
study: 正直、ヨルノズクがちょうまいできても環境変わらないよ みんなヨルノズクを過大評価しすぎ
study: え？ ちょうまいヨルノズク？
study: ＴＬにトリルして離脱するわｗｗｗじゃあのｗｗｗ
study: しぃぃ
study: biosならなに書いてもふぁぼられないからオススメ
study: ナナフシは海老とか蟹の仲間だよ
study: 僕のＴＬにマジキチとかいないし
study: 生き返った
study: タンギング…
study: (*^-')b
study: ぼくは せいべつを こえる
study: o(^-^o)(o^-^)o
study: こえた
study: 音速を 越えろ！
study: 2013/05/03に @hexad_chrome のTLから見つかったパクツイ・パクられツイは17件ですた。 おいでよ パクツイの森: #パク森 #パクレポ
study: 服を買いに来てる
study: ☆･:ﾟ*ｵｫヾ(o´∀｀o)ﾉｫｵ*ﾟ:･☆
study: 朝ごはんもらっちゃった！(´～｀)ﾓｸﾞﾓｸﾞ
study: おはしぃ
study: おやすみなさい
study: めしをよそってたら布団によそわれたわｗｗｗ寝るかｗｗｗｗ
study: ゃ！
study: ほらなｗｗｗｗｗじゃあのｗｗｗ
study: 燻火はメシをよそえました！おめでとう！よっそいよっそい！よっそいよっそい！！ #meshiyosoi
study: 飯をよそえないとかｗｗｗｗそんなやついるわけないじゃんｗｗｗ
study: 
study: Rさんが年下の男の子をご飯にする？
study: おかおか
study: ビタミンR って ありそう
study: ーーー
study: サイコショック（察し）
study: クレセリアA７０もあるじゃん
study: おみくじ引いとこ (＾ω＾)つ |￣ ￣| ￣￣￣ なに吉かな〜♪ (＾ω＾)つ◽？ (＾ω＾)..... ＿＿ ｜マ｜ ｜ジ｜ ｜吉｜ ￣￣ (♭ﾟёﾟ)♭ファーーーwwwww
study: ピジョットの夢特性が威嚇ならよかったのに
study: このまえ暴風ピジョットならみた。追加効果の混乱で３タテされた
study: 恩返しの代わりにフェザダン？
study: たっく（遺伝子組み換え
study: 青
study: なかなかにばらばらしぃ
study: オレンジ
study: でた！３秒パクツイ！
study: Zzz…(*´～｀*)｡o○ ﾑﾆｬﾑﾆｬ
study: ( ・д・)/－－＝≡(((卍 ｼｭｯ!!
study: #あなた的私の印象カラー
study: ☆･:ﾟ*ｵｫヾ(o´∀｀o)ﾉｫｵ*ﾟ:･☆
study: ／| | ＿／ | ||| | ||| ヽ ｼﾞｰ… | ● | |人_) ＝; |γ"ヽ ノ || ﾞ |ヽ＿ノ| | | | | | π | | ∥ | |人 |
study: 鈍色
study: S91という素早さは、相手のスカーフを見つつ先手とんボルチェン出来る絶妙な数値
study: ポケモン！ゲットだぜ！（ｶﾞﾁｬｶﾞﾁｬ #名セリフの後ろにｶﾞﾁｬｶﾞﾁｬと付けると課金兵
study: ノーマルロトムとピジョットのSって同じなの初めて知った
study: 水色
study: あ？
study: ぷよぷよ食べる
study: ﾄﾞｺﾄﾞｺ
study: 私は 5/2 22:00 以降 43 回呟きました。（前日比：-70回） #countkun @hexad_chrome
study: ほわわぁ
study: Nロトムのすばやさってスカーフを確かめるのにピッタリだよね
study: 2013/05/02に @hexad_chrome のTLから見つかったパクツイ・パクられツイは13件ですた。 おいでよ パクツイの森: #パク森 #パクレポ
study: コンクリの隙間きっちり埋めてやってるのに「雑」とか言われる雑草の気持ちも考えろよ
study: sea
study: やんでれぼっとに気に入られたのかも？
study: ！？
study: ほわぁ
study: 行けピカチュウ！ １０万ジーメンスだ！
study: 
study: 
study: しぃで止まります
study: ぱるるっ
study: 誰か拾ってください
study: 三ヽ(´◔‿ゝ◔`)ﾉ┌┛ｳﾜｱｱｱｱｱｱｱｱｱｱｱｱ [シャンデラ]
study: 大学入ってツイッター始めたしぃ is 非常にPure
study: なんじゃ！
study: たっくがプロフを変える瞬間 プライスレス
study: 洗濯物と戯れてたマン
study: ↓たっく
study: おやしぃぃ
study: 
study: 強いシンクロは特にありません。 がじわじわ
study: しぃんくろせず
study: ハーゲンダッツこわい
study: ヨルノズク
study: [SFC][高音質BGM][サントラ] ぱにっくボンバーワールド Part1 (19:20) #sm13136937
study: くゆりす #名前の最後をすにすると可愛い ＞げっ歯類＜
study: 【イロコトバ】頭脳明晰先生 ID370261 #色彩心理テスト これ
study: しす #名前の最後をすにすると可愛い ＞突然の死＜
study: 誰かいろ言葉で相性判定しよー
study: 【イロコトバ】頭脳明晰先生 ID370261 #色彩心理テスト
study: それな
study: ヨルノズク ヨルノズク
study: #1rtごとに好きなポケモン言う
study: ぐっぐぐー！
study: のーみそこねこね
study: それはそうと、セガ歴代キャラとしてアルルとカーバンクルがいるのは解せませんね
study: 逞しくたっく
study: ( ｰ`дｰ´)
study: 
study: ｶﾞﾝﾊﾞｯﾃｰ(∞*･3･*)ﾉ
study: 私は 5/1 22:04 以降 113 回呟きました。（前日比：+43回） #countkun @hexad_chrome
study: はぁ
study: 手乗りロトム
study: たっくこわい
study: 僕は存在感がないことで有名（自己矛盾）
study: ʕ ·ᴥ·ʔ
study: ほわぁ
study: ネクストコナンズアンサー！ 和田さん
study: ゲーセンでランフリ！？
study: サメハダーさんの別件って、ランフリなのかな
Rate limit exceeded
study: 夢の中ならリーマン予想答えられるのになー
study: 
study: ゴマフアザラシさん確定2（ツイートで召喚）調整
study: 紳士だ
study: 
study: それはまぎれもなく
study: いるっていってるでしょ！虚数に送るぞ！
study: シンオウのポケモンリーグだっけ？ パワートリックツボツボが出てた記憶
study: いるよ
study: しぃしぃ
study: ツボツボ対ヨルノズクってアニポケでもあった因縁の
study: たっくが無限大に発散
study: ツボツボ対ヨルノズク（ナイトヘッド）
study: しぃしぃうっさい！
study: 林業かわいいに空目
study: 空陸両用になりたぁい
study: ＞確認がめんどくさい＜
study: ヨルノズクの各種族値と比べ、「４つ以上」が「ヨルノズクの種族値以上」だと出場不可大会
study: ヨルノズクが一番強いんだもん大会・・・？
study: 96度寝決めてた
study: ごま
study: ふ だった
study: ふりすとにゃんにゃんだ
study: ほわぁ
study: おつかれさまでしたー
study: 【ニコ生放送中】【突発大会】複合禁止！単色縛り大会【ポケモン】 #co573279
study: 【ニコ生放送中】【突発大会】複合禁止！単色縛り大会【ポケモン】 #co573279
study: 【ニコ生放送中】【突発大会】複合禁止！単色縛り大会【ポケモン】 #co573279
study: 【ニコ生放送中】【突発大会】複合禁止！単色縛り大会【ポケモン】 #co573279
study: 【ニコ生放送中】【突発大会】複合禁止！単色縛り大会【ポケモン】 #co573279
study: 【ニコ生放送中】【突発大会】複合禁止！単色縛り大会【ポケモン】 #co573279
study: 【ニコ生放送中】【突発大会】複合禁止！単色縛り大会【ポケモン】 #co573279
study: 【ニコ生放送中】【突発大会】複合禁止！単色縛り大会【ポケモン】 #co573279
study: 【ニコ生放送中】【突発大会】募集しながら景品を考える枠【ポケモン】 #co573279
study: うん
study: 放送しようと思ったら１８０人待ちだったｽﾞﾝﾄﾞｺ
study: シングルだとかなり多いよ
study: アングラなものにはアングラな理由があるんだからアングラを地上に出そうとすること自体がおかしい
study: トイレ行ってから枠トリます
study: 私は 5/3 22:01 以降 108 回呟きました。（前日比：+65回） #countkun @hexad_chrome
study: 大丈夫だ、問題ない
study: 突発大会どうしよー 明日の昼にしようかな・・・（←疲れてる奴
study: 
study: 出てない
study: そういえばポップンミュージックにたっくさん出てた
study: たっくかよ
study: ☆･:ﾟ*ｵｫヾ(o´∀｀o)ﾉｫｵ*ﾟ:･☆
study: ？
study: ケモノが言語喋らなくても全然平気なくらいにはケモナー
study: めしぃ
study: (o^-')b
study: |///|ヽ(ﾟДﾟ )ﾉ|///|ﾀﾀﾞｲﾏｰ
study: 大会潜ってない自分は特になにも言えないけどｗ
study: にくきゅうを触るお仕事したい
study: ほわぁ
study: 降参は相手への冒涜って考えの人結構会うけど、シングル勢からするとガチパでも初手降参があり得るからな…
study: 猫に囲まれてる
study: あくび
study: （大会の流行は読みにくいし）
study: （正直初手降参はサブロムつかって流行を誰よりも早く確かめてるだけな気がするけどね）
study: んー そのまだマシって感覚がよくわからないけど、された人「だけ」が広めてるなら別になんとも思わない
study: (*^-')b
study: （ネタパ勢と根本は変わらないような…）
study: 重力じゃないだけ良心的
study: 有名になる 以上
study: 持ち上げて（フリーフォール）落とす！？（うちおとす）
study: 初手スキスワ
study: いかくマンダとりんぷんモルフォンというコンビがいてだな
study: しぃ
study: 単タイプ大会を開くので暇な人はどうぞ
study: 和音の真ん中のおとはど真ん中じゃなくて上か下に少しずらす方が良いと言う話を聞いたマン
study: (o・・o)
study: 僕のレート1500だし
study: 商品が特にない…逃げなきゃ…
study: 激えごぷんぷん丸（くず）
study: 怒怒鶏っていう唐揚げ発見したんだけど、「おこおことり」って読んでしまって
study: (*￣Ｏ￣)ノ
study: じゃぱんかっぷに対抗して単ぱんかっぷを
study: 今日の夜突発大会開こうかな
study: かえります
study: カボチャポケモン（草炎）
study: サイズの合う靴がない…逃げなきゃ…
study: ノーマルゴースト顔してる
study: たっくにおんがえしする（102）
study: 
study: よしよし
study: 
study: ？
study: はぁ…マジたっく…
study: でけでけでん！
study: サイコシフト はねやすめ ナイトヘッド さいみんじゅつ が完成形
study: かわいいとかっ ないですからっ
study: ←ヨルノズクを過大評価させた張本人
study: 正直、ヨルノズクがちょうまいできても環境変わらないよ みんなヨルノズクを過大評価しすぎ
study: え？ ちょうまいヨルノズク？
study: ＴＬにトリルして離脱するわｗｗｗじゃあのｗｗｗ
study: しぃぃ
study: biosならなに書いてもふぁぼられないからオススメ
study: ナナフシは海老とか蟹の仲間だよ
study: 僕のＴＬにマジキチとかいないし
study: 生き返った
study: タンギング…
study: (*^-')b
study: ぼくは せいべつを こえる
study: o(^-^o)(o^-^)o
study: こえた
study: 音速を 越えろ！
study: 2013/05/03に @hexad_chrome のTLから見つかったパクツイ・パクられツイは17件ですた。 おいでよ パクツイの森: #パク森 #パクレポ
study: 服を買いに来てる
study: ☆･:ﾟ*ｵｫヾ(o´∀｀o)ﾉｫｵ*ﾟ:･☆
study: 朝ごはんもらっちゃった！(´～｀)ﾓｸﾞﾓｸﾞ
study: おはしぃ
study: おやすみなさい
study: めしをよそってたら布団によそわれたわｗｗｗ寝るかｗｗｗｗ
study: ゃ！
study: ほらなｗｗｗｗｗじゃあのｗｗｗ
study: 燻火はメシをよそえました！おめでとう！よっそいよっそい！よっそいよっそい！！ #meshiyosoi
study: 飯をよそえないとかｗｗｗｗそんなやついるわけないじゃんｗｗｗ
study: 
study: Rさんが年下の男の子をご飯にする？
study: おかおか
study: ビタミンR って ありそう
study: ーーー
study: サイコショック（察し）
study: クレセリアA７０もあるじゃん
study: おみくじ引いとこ (＾ω＾)つ |￣ ￣| ￣￣￣ なに吉かな〜♪ (＾ω＾)つ◽？ (＾ω＾)..... ＿＿ ｜マ｜ ｜ジ｜ ｜吉｜ ￣￣ (♭ﾟёﾟ)♭ファーーーwwwww
study: ピジョットの夢特性が威嚇ならよかったのに
study: このまえ暴風ピジョットならみた。追加効果の混乱で３タテされた
study: 恩返しの代わりにフェザダン？
study: たっく（遺伝子組み換え
study: 青
study: なかなかにばらばらしぃ
study: オレンジ
study: でた！３秒パクツイ！
study: Zzz…(*´～｀*)｡o○ ﾑﾆｬﾑﾆｬ
study: ( ・д・)/－－＝≡(((卍 ｼｭｯ!!
study: #あなた的私の印象カラー
study: ☆･:ﾟ*ｵｫヾ(o´∀｀o)ﾉｫｵ*ﾟ:･☆
study: ／| | ＿／ | ||| | ||| ヽ ｼﾞｰ… | ● | |人_) ＝; |γ"ヽ ノ || ﾞ |ヽ＿ノ| | | | | | π | | ∥ | |人 |
study: 鈍色
study: S91という素早さは、相手のスカーフを見つつ先手とんボルチェン出来る絶妙な数値
study: ポケモン！ゲットだぜ！（ｶﾞﾁｬｶﾞﾁｬ #名セリフの後ろにｶﾞﾁｬｶﾞﾁｬと付けると課金兵
study: ノーマルロトムとピジョットのSって同じなの初めて知った
study: 水色
study: あ？
study: ぷよぷよ食べる
study: ﾄﾞｺﾄﾞｺ
study: 私は 5/2 22:00 以降 43 回呟きました。（前日比：-70回） #countkun @hexad_chrome
study: ほわわぁ
study: Nロトムのすばやさってスカーフを確かめるのにピッタリだよね
study: 2013/05/02に @hexad_chrome のTLから見つかったパクツイ・パクられツイは13件ですた。 おいでよ パクツイの森: #パク森 #パクレポ
study: コンクリの隙間きっちり埋めてやってるのに「雑」とか言われる雑草の気持ちも考えろよ
study: sea
study: やんでれぼっとに気に入られたのかも？
study: ！？
study: ほわぁ
study: 行けピカチュウ！ １０万ジーメンスだ！
study: 
study: 
study: しぃで止まります
study: ぱるるっ
study: 誰か拾ってください
study: 三ヽ(´◔‿ゝ◔`)ﾉ┌┛ｳﾜｱｱｱｱｱｱｱｱｱｱｱｱ [シャンデラ]
study: 大学入ってツイッター始めたしぃ is 非常にPure
study: なんじゃ！
study: たっくがプロフを変える瞬間 プライスレス
study: 洗濯物と戯れてたマン
study: ↓たっく
study: おやしぃぃ
study: 
study: 強いシンクロは特にありません。 がじわじわ
study: しぃんくろせず
study: ハーゲンダッツこわい
study: ヨルノズク
study: [SFC][高音質BGM][サントラ] ぱにっくボンバーワールド Part1 (19:20) #sm13136937
study: くゆりす #名前の最後をすにすると可愛い ＞げっ歯類＜
study: 【イロコトバ】頭脳明晰先生 ID370261 #色彩心理テスト これ
study: しす #名前の最後をすにすると可愛い ＞突然の死＜
study: 誰かいろ言葉で相性判定しよー
study: 【イロコトバ】頭脳明晰先生 ID370261 #色彩心理テスト
study: それな
study: ヨルノズク ヨルノズク
study: #1rtごとに好きなポケモン言う
study: ぐっぐぐー！
study: のーみそこねこね
study: それはそうと、セガ歴代キャラとしてアルルとカーバンクルがいるのは解せませんね
study: 逞しくたっく
study: ( ｰ`дｰ´)
study: 
study: ｶﾞﾝﾊﾞｯﾃｰ(∞*･3･*)ﾉ
study: 私は 5/1 22:04 以降 113 回呟きました。（前日比：+43回） #countkun @hexad_chrome
study: はぁ
study: 手乗りロトム
study: たっくこわい
study: 僕は存在感がないことで有名（自己矛盾）
study: ʕ ·ᴥ·ʔ
study: ほわぁ
study: ネクストコナンズアンサー！ 和田さん
study: ゲーセンでランフリ！？
study: サメハダーさんの別件って、ランフリなのかな
Rate limit exceeded
study: 夢の中ならリーマン予想答えられるのになー
study: 
study: ゴマフアザラシさん確定2（ツイートで召喚）調整
study: 紳士だ
study: 
study: それはまぎれもなく
study: いるっていってるでしょ！虚数に送るぞ！
study: シンオウのポケモンリーグだっけ？ パワートリックツボツボが出てた記憶
study: いるよ
study: しぃしぃ
study: ツボツボ対ヨルノズクってアニポケでもあった因縁の
study: たっくが無限大に発散
study: ツボツボ対ヨルノズク（ナイトヘッド）
study: しぃしぃうっさい！
study: 林業かわいいに空目
study: 空陸両用になりたぁい
study: ＞確認がめんどくさい＜
study: ヨルノズクの各種族値と比べ、「４つ以上」が「ヨルノズクの種族値以上」だと出場不可大会
study: ヨルノズクが一番強いんだもん大会・・・？
study: 96度寝決めてた
study: ごま
study: ふ だった
study: ふりすとにゃんにゃんだ
study: ほわぁ
study: おつかれさまでしたー
study: 【ニコ生放送中】【突発大会】複合禁止！単色縛り大会【ポケモン】 #co573279
study: 【ニコ生放送中】【突発大会】複合禁止！単色縛り大会【ポケモン】 #co573279
study: 【ニコ生放送中】【突発大会】複合禁止！単色縛り大会【ポケモン】 #co573279
study: 【ニコ生放送中】【突発大会】複合禁止！単色縛り大会【ポケモン】 #co573279
study: 【ニコ生放送中】【突発大会】複合禁止！単色縛り大会【ポケモン】 #co573279
study: 【ニコ生放送中】【突発大会】複合禁止！単色縛り大会【ポケモン】 #co573279
study: 【ニコ生放送中】【突発大会】複合禁止！単色縛り大会【ポケモン】 #co573279
study: 【ニコ生放送中】【突発大会】複合禁止！単色縛り大会【ポケモン】 #co573279
study: 【ニコ生放送中】【突発大会】募集しながら景品を考える枠【ポケモン】 #co573279
study: うん
study: 放送しようと思ったら１８０人待ちだったｽﾞﾝﾄﾞｺ
study: シングルだとかなり多いよ
study: アングラなものにはアングラな理由があるんだからアングラを地上に出そうとすること自体がおかしい
study: トイレ行ってから枠トリます
study: 私は 5/3 22:01 以降 108 回呟きました。（前日比：+65回） #countkun @hexad_chrome
study: 大丈夫だ、問題ない
study: 突発大会どうしよー 明日の昼にしようかな・・・（←疲れてる奴
study: 
study: 出てない
study: そういえばポップンミュージックにたっくさん出てた
study: たっくかよ
study: ☆･:ﾟ*ｵｫヾ(o´∀｀o)ﾉｫｵ*ﾟ:･☆
study: ？
study: ケモノが言語喋らなくても全然平気なくらいにはケモナー
study: めしぃ
study: (o^-')b
study: |///|ヽ(ﾟДﾟ )ﾉ|///|ﾀﾀﾞｲﾏｰ
study: 大会潜ってない自分は特になにも言えないけどｗ
study: にくきゅうを触るお仕事したい
study: ほわぁ
study: 降参は相手への冒涜って考えの人結構会うけど、シングル勢からするとガチパでも初手降参があり得るからな…
study: 猫に囲まれてる
study: あくび
study: （大会の流行は読みにくいし）
study: （正直初手降参はサブロムつかって流行を誰よりも早く確かめてるだけな気がするけどね）
study: んー そのまだマシって感覚がよくわからないけど、された人「だけ」が広めてるなら別になんとも思わない
study: (*^-')b
study: （ネタパ勢と根本は変わらないような…）
study: 重力じゃないだけ良心的
study: 有名になる 以上
study: 持ち上げて（フリーフォール）落とす！？（うちおとす）
study: 初手スキスワ
study: いかくマンダとりんぷんモルフォンというコンビがいてだな
study: しぃ
study: 単タイプ大会を開くので暇な人はどうぞ
study: 和音の真ん中のおとはど真ん中じゃなくて上か下に少しずらす方が良いと言う話を聞いたマン
study: (o・・o)
study: 僕のレート1500だし
study: 商品が特にない…逃げなきゃ…
study: 激えごぷんぷん丸（くず）
study: 怒怒鶏っていう唐揚げ発見したんだけど、「おこおことり」って読んでしまって
study: (*￣Ｏ￣)ノ
study: じゃぱんかっぷに対抗して単ぱんかっぷを
study: 今日の夜突発大会開こうかな
study: かえります
study: カボチャポケモン（草炎）
study: サイズの合う靴がない…逃げなきゃ…
study: ノーマルゴースト顔してる
study: たっくにおんがえしする（102）
study: 
study: よしよし
study: 
study: ？
study: はぁ…マジたっく…
study: でけでけでん！
study: サイコシフト はねやすめ ナイトヘッド さいみんじゅつ が完成形
study: かわいいとかっ ないですからっ
study: ←ヨルノズクを過大評価させた張本人
study: 正直、ヨルノズクがちょうまいできても環境変わらないよ みんなヨルノズクを過大評価しすぎ
study: え？ ちょうまいヨルノズク？
study: ＴＬにトリルして離脱するわｗｗｗじゃあのｗｗｗ
study: しぃぃ
study: biosならなに書いてもふぁぼられないからオススメ
study: ナナフシは海老とか蟹の仲間だよ
study: 僕のＴＬにマジキチとかいないし
study: 生き返った
study: タンギング…
study: (*^-')b
study: ぼくは せいべつを こえる
study: o(^-^o)(o^-^)o
study: こえた
study: 音速を 越えろ！
study: 2013/05/03に @hexad_chrome のTLから見つかったパクツイ・パクられツイは17件ですた。 おいでよ パクツイの森: #パク森 #パクレポ
study: 服を買いに来てる
study: ☆･:ﾟ*ｵｫヾ(o´∀｀o)ﾉｫｵ*ﾟ:･☆
study: 朝ごはんもらっちゃった！(´～｀)ﾓｸﾞﾓｸﾞ
study: おはしぃ
study: おやすみなさい
study: めしをよそってたら布団によそわれたわｗｗｗ寝るかｗｗｗｗ
study: ゃ！
study: ほらなｗｗｗｗｗじゃあのｗｗｗ
study: 燻火はメシをよそえました！おめでとう！よっそいよっそい！よっそいよっそい！！ #meshiyosoi
study: 飯をよそえないとかｗｗｗｗそんなやついるわけないじゃんｗｗｗ
study: 
study: Rさんが年下の男の子をご飯にする？
study: おかおか
study: ビタミンR って ありそう
study: ーーー
study: サイコショック（察し）
study: クレセリアA７０もあるじゃん
study: おみくじ引いとこ (＾ω＾)つ |￣ ￣| ￣￣￣ なに吉かな〜♪ (＾ω＾)つ◽？ (＾ω＾)..... ＿＿ ｜マ｜ ｜ジ｜ ｜吉｜ ￣￣ (♭ﾟёﾟ)♭ファーーーwwwww
study: ピジョットの夢特性が威嚇ならよかったのに
study: このまえ暴風ピジョットならみた。追加効果の混乱で３タテされた
study: 恩返しの代わりにフェザダン？
study: たっく（遺伝子組み換え
study: 青
study: なかなかにばらばらしぃ
study: オレンジ
study: でた！３秒パクツイ！
study: Zzz…(*´～｀*)｡o○ ﾑﾆｬﾑﾆｬ
study: ( ・д・)/－－＝≡(((卍 ｼｭｯ!!
study: #あなた的私の印象カラー
study: ☆･:ﾟ*ｵｫヾ(o´∀｀o)ﾉｫｵ*ﾟ:･☆
study: ／| | ＿／ | ||| | ||| ヽ ｼﾞｰ… | ● | |人_) ＝; |γ"ヽ ノ || ﾞ |ヽ＿ノ| | | | | | π | | ∥ | |人 |
study: 鈍色
study: S91という素早さは、相手のスカーフを見つつ先手とんボルチェン出来る絶妙な数値
study: ポケモン！ゲットだぜ！（ｶﾞﾁｬｶﾞﾁｬ #名セリフの後ろにｶﾞﾁｬｶﾞﾁｬと付けると課金兵
study: ノーマルロトムとピジョットのSって同じなの初めて知った
study: 水色
study: あ？
study: ぷよぷよ食べる
study: ﾄﾞｺﾄﾞｺ
study: 私は 5/2 22:00 以降 43 回呟きました。（前日比：-70回） #countkun @hexad_chrome
study: ほわわぁ
study: Nロトムのすばやさってスカーフを確かめるのにピッタリだよね
study: 2013/05/02に @hexad_chrome のTLから見つかったパクツイ・パクられツイは13件ですた。 おいでよ パクツイの森: #パク森 #パクレポ
study: コンクリの隙間きっちり埋めてやってるのに「雑」とか言われる雑草の気持ちも考えろよ
study: sea
study: やんでれぼっとに気に入られたのかも？
study: ！？
study: ほわぁ
study: 行けピカチュウ！ １０万ジーメンスだ！
study: 
study: 
study: しぃで止まります
study: ぱるるっ
study: 誰か拾ってください
study: 三ヽ(´◔‿ゝ◔`)ﾉ┌┛ｳﾜｱｱｱｱｱｱｱｱｱｱｱｱ [シャンデラ]
study: 大学入ってツイッター始めたしぃ is 非常にPure
study: なんじゃ！
study: たっくがプロフを変える瞬間 プライスレス
study: 洗濯物と戯れてたマン
study: ↓たっく
study: おやしぃぃ
study: 
study: 強いシンクロは特にありません。 がじわじわ
study: しぃんくろせず
study: ハーゲンダッツこわい
study: ヨルノズク
study: [SFC][高音質BGM][サントラ] ぱにっくボンバーワールド Part1 (19:20) #sm13136937
study: くゆりす #名前の最後をすにすると可愛い ＞げっ歯類＜
study: 【イロコトバ】頭脳明晰先生 ID370261 #色彩心理テスト これ
study: しす #名前の最後をすにすると可愛い ＞突然の死＜
study: 誰かいろ言葉で相性判定しよー
study: 【イロコトバ】頭脳明晰先生 ID370261 #色彩心理テスト
study: それな
study: ヨルノズク ヨルノズク
study: #1rtごとに好きなポケモン言う
study: ぐっぐぐー！
study: のーみそこねこね
study: それはそうと、セガ歴代キャラとしてアルルとカーバンクルがいるのは解せませんね
study: 逞しくたっく
study: ( ｰ`дｰ´)
study: 
study: ｶﾞﾝﾊﾞｯﾃｰ(∞*･3･*)ﾉ
study: 私は 5/1 22:04 以降 113 回呟きました。（前日比：+43回） #countkun @hexad_chrome
study: はぁ
study: 手乗りロトム
study: たっくこわい
study: 僕は存在感がないことで有名（自己矛盾）
study: ʕ ·ᴥ·ʔ
study: ほわぁ
study: ネクストコナンズアンサー！ 和田さん
study: ゲーセンでランフリ！？
study: サメハダーさんの別件って、ランフリなのかな
Rate limit exceeded
study: 夢の中ならリーマン予想答えられるのになー
study: 
study: ゴマフアザラシさん確定2（ツイートで召喚）調整
study: 紳士だ
study: 
study: それはまぎれもなく
study: いるっていってるでしょ！虚数に送るぞ！
study: シンオウのポケモンリーグだっけ？ パワートリックツボツボが出てた記憶
study: いるよ
study: しぃしぃ
study: ツボツボ対ヨルノズクってアニポケでもあった因縁の
study: たっくが無限大に発散
study: ツボツボ対ヨルノズク（ナイトヘッド）
study: しぃしぃうっさい！
study: 林業かわいいに空目
study: 空陸両用になりたぁい
study: ＞確認がめんどくさい＜
study: ヨルノズクの各種族値と比べ、「４つ以上」が「ヨルノズクの種族値以上」だと出場不可大会
study: ヨルノズクが一番強いんだもん大会・・・？
study: 96度寝決めてた
study: ごま
study: ふ だった
study: ふりすとにゃんにゃんだ
study: ほわぁ
study: おつかれさまでしたー
study: 【ニコ生放送中】【突発大会】複合禁止！単色縛り大会【ポケモン】 #co573279
study: 【ニコ生放送中】【突発大会】複合禁止！単色縛り大会【ポケモン】 #co573279
study: 【ニコ生放送中】【突発大会】複合禁止！単色縛り大会【ポケモン】 #co573279
study: 【ニコ生放送中】【突発大会】複合禁止！単色縛り大会【ポケモン】 #co573279
study: 【ニコ生放送中】【突発大会】複合禁止！単色縛り大会【ポケモン】 #co573279
study: 【ニコ生放送中】【突発大会】複合禁止！単色縛り大会【ポケモン】 #co573279
study: 【ニコ生放送中】【突発大会】複合禁止！単色縛り大会【ポケモン】 #co573279
study: 【ニコ生放送中】【突発大会】複合禁止！単色縛り大会【ポケモン】 #co573279
study: 【ニコ生放送中】【突発大会】募集しながら景品を考える枠【ポケモン】 #co573279
study: うん
study: 放送しようと思ったら１８０人待ちだったｽﾞﾝﾄﾞｺ
study: シングルだとかなり多いよ
study: アングラなものにはアングラな理由があるんだからアングラを地上に出そうとすること自体がおかしい
study: トイレ行ってから枠トリます
study: 私は 5/3 22:01 以降 108 回呟きました。（前日比：+65回） #countkun @hexad_chrome
study: 大丈夫だ、問題ない
study: 突発大会どうしよー 明日の昼にしようかな・・・（←疲れてる奴
study: 
study: 出てない
study: そういえばポップンミュージックにたっくさん出てた
study: たっくかよ
study: ☆･:ﾟ*ｵｫヾ(o´∀｀o)ﾉｫｵ*ﾟ:･☆
study: ？
study: ケモノが言語喋らなくても全然平気なくらいにはケモナー
study: めしぃ
study: (o^-')b
study: |///|ヽ(ﾟДﾟ )ﾉ|///|ﾀﾀﾞｲﾏｰ
study: 大会潜ってない自分は特になにも言えないけどｗ
study: にくきゅうを触るお仕事したい
study: ほわぁ
study: 降参は相手への冒涜って考えの人結構会うけど、シングル勢からするとガチパでも初手降参があり得るからな…
study: 猫に囲まれてる
study: あくび
study: （大会の流行は読みにくいし）
study: （正直初手降参はサブロムつかって流行を誰よりも早く確かめてるだけな気がするけどね）
study: んー そのまだマシって感覚がよくわからないけど、された人「だけ」が広めてるなら別になんとも思わない
study: (*^-')b
study: （ネタパ勢と根本は変わらないような…）
study: 重力じゃないだけ良心的
study: 有名になる 以上
study: 持ち上げて（フリーフォール）落とす！？（うちおとす）
study: 初手スキスワ
study: いかくマンダとりんぷんモルフォンというコンビがいてだな
study: しぃ
study: 単タイプ大会を開くので暇な人はどうぞ
study: 和音の真ん中のおとはど真ん中じゃなくて上か下に少しずらす方が良いと言う話を聞いたマン
study: (o・・o)
study: 僕のレート1500だし
study: 商品が特にない…逃げなきゃ…
study: 激えごぷんぷん丸（くず）
study: 怒怒鶏っていう唐揚げ発見したんだけど、「おこおことり」って読んでしまって
study: (*￣Ｏ￣)ノ
study: じゃぱんかっぷに対抗して単ぱんかっぷを
study: 今日の夜突発大会開こうかな
study: かえります
study: カボチャポケモン（草炎）
study: サイズの合う靴がない…逃げなきゃ…
study: ノーマルゴースト顔してる
study: たっくにおんがえしする（102）
study: 
study: よしよし
study: 
study: ？
study: はぁ…マジたっく…
study: でけでけでん！
study: サイコシフト はねやすめ ナイトヘッド さいみんじゅつ が完成形
study: かわいいとかっ ないですからっ
study: ←ヨルノズクを過大評価させた張本人
study: 正直、ヨルノズクがちょうまいできても環境変わらないよ みんなヨルノズクを過大評価しすぎ
study: え？ ちょうまいヨルノズク？
study: ＴＬにトリルして離脱するわｗｗｗじゃあのｗｗｗ
study: しぃぃ
study: biosならなに書いてもふぁぼられないからオススメ
study: ナナフシは海老とか蟹の仲間だよ
study: 僕のＴＬにマジキチとかいないし
study: 生き返った
study: タンギング…
study: (*^-')b
study: ぼくは せいべつを こえる
study: o(^-^o)(o^-^)o
study: こえた
study: 音速を 越えろ！
study: 2013/05/03に @hexad_chrome のTLから見つかったパクツイ・パクられツイは17件ですた。 おいでよ パクツイの森: #パク森 #パクレポ
study: 服を買いに来てる
study: ☆･:ﾟ*ｵｫヾ(o´∀｀o)ﾉｫｵ*ﾟ:･☆
study: 朝ごはんもらっちゃった！(´～｀)ﾓｸﾞﾓｸﾞ
study: おはしぃ
study: おやすみなさい
study: めしをよそってたら布団によそわれたわｗｗｗ寝るかｗｗｗｗ
study: ゃ！
study: ほらなｗｗｗｗｗじゃあのｗｗｗ
study: 燻火はメシをよそえました！おめでとう！よっそいよっそい！よっそいよっそい！！ #meshiyosoi
study: 飯をよそえないとかｗｗｗｗそんなやついるわけないじゃんｗｗｗ
study: 
study: Rさんが年下の男の子をご飯にする？
study: おかおか
study: ビタミンR って ありそう
study: ーーー
study: サイコショック（察し）
study: クレセリアA７０もあるじゃん
study: おみくじ引いとこ (＾ω＾)つ |￣ ￣| ￣￣￣ なに吉かな〜♪ (＾ω＾)つ◽？ (＾ω＾)..... ＿＿ ｜マ｜ ｜ジ｜ ｜吉｜ ￣￣ (♭ﾟёﾟ)♭ファーーーwwwww
study: ピジョットの夢特性が威嚇ならよかったのに
study: このまえ暴風ピジョットならみた。追加効果の混乱で３タテされた
study: 恩返しの代わりにフェザダン？
study: たっく（遺伝子組み換え
study: 青
study: なかなかにばらばらしぃ
study: オレンジ
study: でた！３秒パクツイ！
study: Zzz…(*´～｀*)｡o○ ﾑﾆｬﾑﾆｬ
study: ( ・д・)/－－＝≡(((卍 ｼｭｯ!!
study: #あなた的私の印象カラー
study: ☆･:ﾟ*ｵｫヾ(o´∀｀o)ﾉｫｵ*ﾟ:･☆
study: ／| | ＿／ | ||| | ||| ヽ ｼﾞｰ… | ● | |人_) ＝; |γ"ヽ ノ || ﾞ |ヽ＿ノ| | | | | | π | | ∥ | |人 |
study: 鈍色
study: S91という素早さは、相手のスカーフを見つつ先手とんボルチェン出来る絶妙な数値
study: ポケモン！ゲットだぜ！（ｶﾞﾁｬｶﾞﾁｬ #名セリフの後ろにｶﾞﾁｬｶﾞﾁｬと付けると課金兵
study: ノーマルロトムとピジョットのSって同じなの初めて知った
study: 水色
study: あ？
study: ぷよぷよ食べる
study: ﾄﾞｺﾄﾞｺ
study: 私は 5/2 22:00 以降 43 回呟きました。（前日比：-70回） #countkun @hexad_chrome
study: ほわわぁ
study: Nロトムのすばやさってスカーフを確かめるのにピッタリだよね
study: 2013/05/02に @hexad_chrome のTLから見つかったパクツイ・パクられツイは13件ですた。 おいでよ パクツイの森: #パク森 #パクレポ
study: コンクリの隙間きっちり埋めてやってるのに「雑」とか言われる雑草の気持ちも考えろよ
study: sea
study: やんでれぼっとに気に入られたのかも？
study: ！？
study: ほわぁ
study: 行けピカチュウ！ １０万ジーメンスだ！
study: 
study: 
study: しぃで止まります
study: ぱるるっ
study: 誰か拾ってください
study: 三ヽ(´◔‿ゝ◔`)ﾉ┌┛ｳﾜｱｱｱｱｱｱｱｱｱｱｱｱ [シャンデラ]
study: 大学入ってツイッター始めたしぃ is 非常にPure
study: なんじゃ！
study: たっくがプロフを変える瞬間 プライスレス
study: 洗濯物と戯れてたマン
study: ↓たっく
study: おやしぃぃ
study: 
study: 強いシンクロは特にありません。 がじわじわ
study: しぃんくろせず
study: ハーゲンダッツこわい
study: ヨルノズク
study: [SFC][高音質BGM][サントラ] ぱにっくボンバーワールド Part1 (19:20) #sm13136937
study: くゆりす #名前の最後をすにすると可愛い ＞げっ歯類＜
study: 【イロコトバ】頭脳明晰先生 ID370261 #色彩心理テスト これ
study: しす #名前の最後をすにすると可愛い ＞突然の死＜
study: 誰かいろ言葉で相性判定しよー
study: 【イロコトバ】頭脳明晰先生 ID370261 #色彩心理テスト
study: それな
study: ヨルノズク ヨルノズク
study: #1rtごとに好きなポケモン言う
study: ぐっぐぐー！
study: のーみそこねこね
study: それはそうと、セガ歴代キャラとしてアルルとカーバンクルがいるのは解せませんね
study: 逞しくたっく
study: ( ｰ`дｰ´)
study: 
study: ｶﾞﾝﾊﾞｯﾃｰ(∞*･3･*)ﾉ
study: 私は 5/1 22:04 以降 113 回呟きました。（前日比：+43回） #countkun @hexad_chrome
study: はぁ
study: 手乗りロトム
study: たっくこわい
study: 僕は存在感がないことで有名（自己矛盾）
study: ʕ ·ᴥ·ʔ
study: ほわぁ
study: ネクストコナンズアンサー！ 和田さん
study: ゲーセンでランフリ！？
study: サメハダーさんの別件って、ランフリなのかな
Rate limit exceeded
study: 夢の中ならリーマン予想答えられるのになー
study: 
study: ゴマフアザラシさん確定2（ツイートで召喚）調整
study: 紳士だ
study: 
study: それはまぎれもなく
study: いるっていってるでしょ！虚数に送るぞ！
study: シンオウのポケモンリーグだっけ？ パワートリックツボツボが出てた記憶
study: いるよ
study: しぃしぃ
study: ツボツボ対ヨルノズクってアニポケでもあった因縁の
study: たっくが無限大に発散
study: ツボツボ対ヨルノズク（ナイトヘッド）
study: しぃしぃうっさい！
study: 林業かわいいに空目
study: 空陸両用になりたぁい
study: ＞確認がめんどくさい＜
study: ヨルノズクの各種族値と比べ、「４つ以上」が「ヨルノズクの種族値以上」だと出場不可大会
study: ヨルノズクが一番強いんだもん大会・・・？
study: 96度寝決めてた
study: ごま
study: ふ だった
study: ふりすとにゃんにゃんだ
study: ほわぁ
study: おつかれさまでしたー
study: 【ニコ生放送中】【突発大会】複合禁止！単色縛り大会【ポケモン】 #co573279
study: 【ニコ生放送中】【突発大会】複合禁止！単色縛り大会【ポケモン】 #co573279
study: 【ニコ生放送中】【突発大会】複合禁止！単色縛り大会【ポケモン】 #co573279
study: 【ニコ生放送中】【突発大会】複合禁止！単色縛り大会【ポケモン】 #co573279
study: 【ニコ生放送中】【突発大会】複合禁止！単色縛り大会【ポケモン】 #co573279
study: 【ニコ生放送中】【突発大会】複合禁止！単色縛り大会【ポケモン】 #co573279
study: 【ニコ生放送中】【突発大会】複合禁止！単色縛り大会【ポケモン】 #co573279
study: 【ニコ生放送中】【突発大会】複合禁止！単色縛り大会【ポケモン】 #co573279
study: 【ニコ生放送中】【突発大会】募集しながら景品を考える枠【ポケモン】 #co573279
study: うん
study: 放送しようと思ったら１８０人待ちだったｽﾞﾝﾄﾞｺ
study: シングルだとかなり多いよ
study: アングラなものにはアングラな理由があるんだからアングラを地上に出そうとすること自体がおかしい
study: トイレ行ってから枠トリます
study: 私は 5/3 22:01 以降 108 回呟きました。（前日比：+65回） #countkun @hexad_chrome
study: 大丈夫だ、問題ない
study: 突発大会どうしよー 明日の昼にしようかな・・・（←疲れてる奴
study: 
study: 出てない
study: そういえばポップンミュージックにたっくさん出てた
study: たっくかよ
study: ☆･:ﾟ*ｵｫヾ(o´∀｀o)ﾉｫｵ*ﾟ:･☆
study: ？
study: ケモノが言語喋らなくても全然平気なくらいにはケモナー
study: めしぃ
study: (o^-')b
study: |///|ヽ(ﾟДﾟ )ﾉ|///|ﾀﾀﾞｲﾏｰ
study: 大会潜ってない自分は特になにも言えないけどｗ
study: にくきゅうを触るお仕事したい
study: ほわぁ
study: 降参は相手への冒涜って考えの人結構会うけど、シングル勢からするとガチパでも初手降参があり得るからな…
study: 猫に囲まれてる
study: あくび
study: （大会の流行は読みにくいし）
study: （正直初手降参はサブロムつかって流行を誰よりも早く確かめてるだけな気がするけどね）
study: んー そのまだマシって感覚がよくわからないけど、された人「だけ」が広めてるなら別になんとも思わない
study: (*^-')b
study: （ネタパ勢と根本は変わらないような…）
study: 重力じゃないだけ良心的
study: 有名になる 以上
study: 持ち上げて（フリーフォール）落とす！？（うちおとす）
study: 初手スキスワ
study: いかくマンダとりんぷんモルフォンというコンビがいてだな
study: しぃ
study: 単タイプ大会を開くので暇な人はどうぞ
study: 和音の真ん中のおとはど真ん中じゃなくて上か下に少しずらす方が良いと言う話を聞いたマン
study: (o・・o)
study: 僕のレート1500だし
study: 商品が特にない…逃げなきゃ…
study: 激えごぷんぷん丸（くず）
study: 怒怒鶏っていう唐揚げ発見したんだけど、「おこおことり」って読んでしまって
study: (*￣Ｏ￣)ノ
study: じゃぱんかっぷに対抗して単ぱんかっぷを
study: 今日の夜突発大会開こうかな
study: かえります
study: カボチャポケモン（草炎）
study: サイズの合う靴がない…逃げなきゃ…
study: ノーマルゴースト顔してる
study: たっくにおんがえしする（102）
study: 
study: よしよし
study: 
study: ？
study: はぁ…マジたっく…
study: でけでけでん！
study: サイコシフト はねやすめ ナイトヘッド さいみんじゅつ が完成形
study: かわいいとかっ ないですからっ
study: ←ヨルノズクを過大評価させた張本人
study: 正直、ヨルノズクがちょうまいできても環境変わらないよ みんなヨルノズクを過大評価しすぎ
study: え？ ちょうまいヨルノズク？
study: ＴＬにトリルして離脱するわｗｗｗじゃあのｗｗｗ
study: しぃぃ
study: biosならなに書いてもふぁぼられないからオススメ
study: ナナフシは海老とか蟹の仲間だよ
study: 僕のＴＬにマジキチとかいないし
study: 生き返った
study: タンギング…
study: (*^-')b
study: ぼくは せいべつを こえる
study: o(^-^o)(o^-^)o
study: こえた
study: 音速を 越えろ！
study: 2013/05/03に @hexad_chrome のTLから見つかったパクツイ・パクられツイは17件ですた。 おいでよ パクツイの森: #パク森 #パクレポ
study: 服を買いに来てる
study: ☆･:ﾟ*ｵｫヾ(o´∀｀o)ﾉｫｵ*ﾟ:･☆
study: 朝ごはんもらっちゃった！(´～｀)ﾓｸﾞﾓｸﾞ
study: おはしぃ
study: おやすみなさい
study: めしをよそってたら布団によそわれたわｗｗｗ寝るかｗｗｗｗ
study: ゃ！
study: ほらなｗｗｗｗｗじゃあのｗｗｗ
study: 燻火はメシをよそえました！おめでとう！よっそいよっそい！よっそいよっそい！！ #meshiyosoi
study: 飯をよそえないとかｗｗｗｗそんなやついるわけないじゃんｗｗｗ
study: 
study: Rさんが年下の男の子をご飯にする？
study: おかおか
study: ビタミンR って ありそう
study: ーーー
study: サイコショック（察し）
study: クレセリアA７０もあるじゃん
study: おみくじ引いとこ (＾ω＾)つ |￣ ￣| ￣￣￣ なに吉かな〜♪ (＾ω＾)つ◽？ (＾ω＾)..... ＿＿ ｜マ｜ ｜ジ｜ ｜吉｜ ￣￣ (♭ﾟёﾟ)♭ファーーーwwwww
study: ピジョットの夢特性が威嚇ならよかったのに
study: このまえ暴風ピジョットならみた。追加効果の混乱で３タテされた
study: 恩返しの代わりにフェザダン？
study: たっく（遺伝子組み換え
study: 青
study: なかなかにばらばらしぃ
study: オレンジ
study: でた！３秒パクツイ！
study: Zzz…(*´～｀*)｡o○ ﾑﾆｬﾑﾆｬ
study: ( ・д・)/－－＝≡(((卍 ｼｭｯ!!
study: #あなた的私の印象カラー
study: ☆･:ﾟ*ｵｫヾ(o´∀｀o)ﾉｫｵ*ﾟ:･☆
study: ／| | ＿／ | ||| | ||| ヽ ｼﾞｰ… | ● | |人_) ＝; |γ"ヽ ノ || ﾞ |ヽ＿ノ| | | | | | π | | ∥ | |人 |
study: 鈍色
study: S91という素早さは、相手のスカーフを見つつ先手とんボルチェン出来る絶妙な数値
study: ポケモン！ゲットだぜ！（ｶﾞﾁｬｶﾞﾁｬ #名セリフの後ろにｶﾞﾁｬｶﾞﾁｬと付けると課金兵
study: ノーマルロトムとピジョットのSって同じなの初めて知った
study: 水色
study: あ？
study: ぷよぷよ食べる
study: ﾄﾞｺﾄﾞｺ
study: 私は 5/2 22:00 以降 43 回呟きました。（前日比：-70回） #countkun @hexad_chrome
study: ほわわぁ
study: Nロトムのすばやさってスカーフを確かめるのにピッタリだよね
study: 2013/05/02に @hexad_chrome のTLから見つかったパクツイ・パクられツイは13件ですた。 おいでよ パクツイの森: #パク森 #パクレポ
study: コンクリの隙間きっちり埋めてやってるのに「雑」とか言われる雑草の気持ちも考えろよ
study: sea
study: やんでれぼっとに気に入られたのかも？
study: ！？
study: ほわぁ
study: 行けピカチュウ！ １０万ジーメンスだ！
study: 
study: 
study: しぃで止まります
study: ぱるるっ
study: 誰か拾ってください
study: 三ヽ(´◔‿ゝ◔`)ﾉ┌┛ｳﾜｱｱｱｱｱｱｱｱｱｱｱｱ [シャンデラ]
study: 大学入ってツイッター始めたしぃ is 非常にPure
study: なんじゃ！
study: たっくがプロフを変える瞬間 プライスレス
study: 洗濯物と戯れてたマン
study: ↓たっく
study: おやしぃぃ
study: 
study: 強いシンクロは特にありません。 がじわじわ
study: しぃんくろせず
study: ハーゲンダッツこわい
study: ヨルノズク
study: [SFC][高音質BGM][サントラ] ぱにっくボンバーワールド Part1 (19:20) #sm13136937
study: くゆりす #名前の最後をすにすると可愛い ＞げっ歯類＜
study: 【イロコトバ】頭脳明晰先生 ID370261 #色彩心理テスト これ
study: しす #名前の最後をすにすると可愛い ＞突然の死＜
study: 誰かいろ言葉で相性判定しよー
study: 【イロコトバ】頭脳明晰先生 ID370261 #色彩心理テスト
study: それな
study: ヨルノズク ヨルノズク
study: #1rtごとに好きなポケモン言う
study: ぐっぐぐー！
study: のーみそこねこね
study: それはそうと、セガ歴代キャラとしてアルルとカーバンクルがいるのは解せませんね
study: 逞しくたっく
study: ( ｰ`дｰ´)
study: 
study: ｶﾞﾝﾊﾞｯﾃｰ(∞*･3･*)ﾉ
study: 私は 5/1 22:04 以降 113 回呟きました。（前日比：+43回） #countkun @hexad_chrome
study: はぁ
study: 手乗りロトム
study: たっくこわい
study: 僕は存在感がないことで有名（自己矛盾）
study: ʕ ·ᴥ·ʔ
study: ほわぁ
study: ネクストコナンズアンサー！ 和田さん
study: ゲーセンでランフリ！？
study: サメハダーさんの別件って、ランフリなのかな
Rate limit exceeded
/Users/e115764/.rvm/gems/ruby-1.8.7-p371/gems/faraday-0.8.7/lib/faraday/request/multipart.rb:4: warning: already initialized constant DEFAULT_BOUNDARY
study: おやすみなさい
study: Zzz…(*´～｀*)｡o○ ﾑﾆｬﾑﾆｬ
study: やはり（wakeshiri-face）
study: ためしに くだんのRTを解いてみた
study: nil は名詞 nullは形容詞だから 文字そのものがツイッター上で空白なんだろうな
study: にゃんじゃ！
study: 環境依存文字（null）を取得した時の処理・・・？
study: 見られている感
study: そこRTだから たぶんRTを弾いたほうがいいと思う
study: ほわぁ と あつあつ の間に 環境依存文字付きのRTがある
study: 私は 5/4 22:11 以降 59 回呟きました。（前日比：-49回） #countkun @hexad_chrome
study: しぃちゃん虚数空間にいるから・・・
study: 
study: 人間は陸上生活するように進化したのに泳げるとかおかしいでしょ 泳げるわけないし
study: 草枕の冒頭を超える文章に出会ったことがない
study: おつあり！
study: たっくだ！
study: ブラッキーとシャワーズの対面で５０ターンかかって勝った
study: 
study: ロコン
study: しぃ
study: おめ
study: たっくどこ
study: ほわぁ
study: あつあつ
study: おっふろっおっふろっ
study: ☆･:ﾟ*ｵｫヾ(o´∀｀o)ﾉｫｵ*ﾟ:･☆
study: ふさんおちついて
study: 2013/05/04に @hexad_chrome のTLから見つかったパクツイ・パクられツイは17件ですた。 おいでよ パクツイの森: #パク森 #パクレポ
study: 夢の中ならリーマン予想答えられるのになー
study: 
study: ゴマフアザラシさん確定2（ツイートで召喚）調整
study: 紳士だ
study: それはまぎれもなく
study: いるっていってるでしょ！虚数に送るぞ！
study: シンオウのポケモンリーグだっけ？ パワートリックツボツボが出てた記憶
study: いるよ
study: しぃしぃ
study: ツボツボ対ヨルノズクってアニポケでもあった因縁の
study: たっくが無限大に発散
study: ツボツボ対ヨルノズク（ナイトヘッド）
study: しぃしぃうっさい！
study: 林業かわいいに空目
study: 空陸両用になりたぁい
study: ＞確認がめんどくさい＜
study: ヨルノズクの各種族値と比べ、「４つ以上」が「ヨルノズクの種族値以上」だと出場不可大会
study: ヨルノズクが一番強いんだもん大会・・・？
study: 96度寝決めてた
study: ごま
study: ふ だった
study: ふりすとにゃんにゃんだ
study: ほわぁ
study: おつかれさまでしたー
study: 【ニコ生放送中】【突発大会】複合禁止！単色縛り大会【ポケモン】 #co573279
study: 【ニコ生放送中】【突発大会】複合禁止！単色縛り大会【ポケモン】 #co573279
study: 【ニコ生放送中】【突発大会】複合禁止！単色縛り大会【ポケモン】 #co573279
study: 【ニコ生放送中】【突発大会】複合禁止！単色縛り大会【ポケモン】 #co573279
study: 【ニコ生放送中】【突発大会】複合禁止！単色縛り大会【ポケモン】 #co573279
study: 【ニコ生放送中】【突発大会】複合禁止！単色縛り大会【ポケモン】 #co573279
study: 【ニコ生放送中】【突発大会】複合禁止！単色縛り大会【ポケモン】 #co573279
study: 【ニコ生放送中】【突発大会】複合禁止！単色縛り大会【ポケモン】 #co573279
study: 【ニコ生放送中】【突発大会】募集しながら景品を考える枠【ポケモン】 #co573279
study: うん
study: 放送しようと思ったら１８０人待ちだったｽﾞﾝﾄﾞｺ
study: シングルだとかなり多いよ
study: アングラなものにはアングラな理由があるんだからアングラを地上に出そうとすること自体がおかしい
study: トイレ行ってから枠トリます
study: 私は 5/3 22:01 以降 108 回呟きました。（前日比：+65回） #countkun @hexad_chrome
study: 大丈夫だ、問題ない
study: 突発大会どうしよー 明日の昼にしようかな・・・（←疲れてる奴
study: 
study: 出てない
study: そういえばポップンミュージックにたっくさん出てた
study: たっくかよ
study: ☆･:ﾟ*ｵｫヾ(o´∀｀o)ﾉｫｵ*ﾟ:･☆
study: ？
study: ケモノが言語喋らなくても全然平気なくらいにはケモナー
study: めしぃ
study: (o^-')b
study: |///|ヽ(ﾟДﾟ )ﾉ|///|ﾀﾀﾞｲﾏｰ
study: 大会潜ってない自分は特になにも言えないけどｗ
study: にくきゅうを触るお仕事したい
study: ほわぁ
study: 降参は相手への冒涜って考えの人結構会うけど、シングル勢からするとガチパでも初手降参があり得るからな…
study: 猫に囲まれてる
study: あくび
study: （大会の流行は読みにくいし）
study: （正直初手降参はサブロムつかって流行を誰よりも早く確かめてるだけな気がするけどね）
study: んー そのまだマシって感覚がよくわからないけど、された人「だけ」が広めてるなら別になんとも思わない
study: (*^-')b
study: （ネタパ勢と根本は変わらないような…）
study: 重力じゃないだけ良心的
study: 有名になる 以上
study: 持ち上げて（フリーフォール）落とす！？（うちおとす）
study: 初手スキスワ
study: いかくマンダとりんぷんモルフォンというコンビがいてだな
study: しぃ
study: 単タイプ大会を開くので暇な人はどうぞ
study: 和音の真ん中のおとはど真ん中じゃなくて上か下に少しずらす方が良いと言う話を聞いたマン
tweet(markov): 出てた
ruby: No such file or directory -- post.rb (LoadError)
/Users/e115764/.rvm/gems/ruby-1.8.7-p371/gems/faraday-0.8.7/lib/faraday/request/multipart.rb:4: warning: already initialized constant DEFAULT_BOUNDARY
/Users/e115764/.rvm/gems/ruby-1.8.7-p371/gems/faraday-0.8.7/lib/faraday/request/multipart.rb:4: warning: already initialized constant DEFAULT_BOUNDARY
/Users/e115764/.rvm/gems/ruby-1.8.7-p371/gems/faraday-0.8.7/lib/faraday/request/multipart.rb:4: warning: already initialized constant DEFAULT_BOUNDARY
/Users/e115764/.rvm/gems/ruby-1.8.7-p371/gems/faraday-0.8.7/lib/faraday/request/multipart.rb:4: warning: already initialized constant DEFAULT_BOUNDARY
study: おやすみなさい
study: Zzz…(*´～｀*)｡o○ ﾑﾆｬﾑﾆｬ
study: やはり（wakeshiri-face）
study: ためしに くだんのRTを解いてみた
study: nil は名詞 nullは形容詞だから 文字そのものがツイッター上で空白なんだろうな
study: にゃんじゃ！
study: 環境依存文字（null）を取得した時の処理・・・？
study: 見られている感
study: そこRTだから たぶんRTを弾いたほうがいいと思う
study: ほわぁ と あつあつ の間に 環境依存文字付きのRTがある
study: 私は 5/4 22:11 以降 59 回呟きました。（前日比：-49回） #countkun @hexad_chrome
study: しぃちゃん虚数空間にいるから・・・
study: 
study: 人間は陸上生活するように進化したのに泳げるとかおかしいでしょ 泳げるわけないし
study: 草枕の冒頭を超える文章に出会ったことがない
study: おつあり！
study: たっくだ！
study: ブラッキーとシャワーズの対面で５０ターンかかって勝った
study: 
study: ロコン
study: しぃ
study: おめ
study: たっくどこ
study: ほわぁ
study: あつあつ
study: おっふろっおっふろっ
study: ☆･:ﾟ*ｵｫヾ(o´∀｀o)ﾉｫｵ*ﾟ:･☆
study: ふさんおちついて
study: 2013/05/04に @hexad_chrome のTLから見つかったパクツイ・パクられツイは17件ですた。 おいでよ パクツイの森: #パク森 #パクレポ
study: 夢の中ならリーマン予想答えられるのになー
study: 
study: ゴマフアザラシさん確定2（ツイートで召喚）調整
study: 紳士だ
study: それはまぎれもなく
study: いるっていってるでしょ！虚数に送るぞ！
study: シンオウのポケモンリーグだっけ？ パワートリックツボツボが出てた記憶
study: いるよ
study: しぃしぃ
study: ツボツボ対ヨルノズクってアニポケでもあった因縁の
study: たっくが無限大に発散
study: ツボツボ対ヨルノズク（ナイトヘッド）
study: しぃしぃうっさい！
study: 林業かわいいに空目
study: 空陸両用になりたぁい
study: ＞確認がめんどくさい＜
study: ヨルノズクの各種族値と比べ、「４つ以上」が「ヨルノズクの種族値以上」だと出場不可大会
study: ヨルノズクが一番強いんだもん大会・・・？
study: 96度寝決めてた
study: ごま
study: ふ だった
study: ふりすとにゃんにゃんだ
study: ほわぁ
study: おつかれさまでしたー
study: 【ニコ生放送中】【突発大会】複合禁止！単色縛り大会【ポケモン】 #co573279
study: 【ニコ生放送中】【突発大会】複合禁止！単色縛り大会【ポケモン】 #co573279
study: 【ニコ生放送中】【突発大会】複合禁止！単色縛り大会【ポケモン】 #co573279
study: 【ニコ生放送中】【突発大会】複合禁止！単色縛り大会【ポケモン】 #co573279
study: 【ニコ生放送中】【突発大会】複合禁止！単色縛り大会【ポケモン】 #co573279
study: 【ニコ生放送中】【突発大会】複合禁止！単色縛り大会【ポケモン】 #co573279
study: 【ニコ生放送中】【突発大会】複合禁止！単色縛り大会【ポケモン】 #co573279
study: 【ニコ生放送中】【突発大会】複合禁止！単色縛り大会【ポケモン】 #co573279
study: 【ニコ生放送中】【突発大会】募集しながら景品を考える枠【ポケモン】 #co573279
study: うん
study: 放送しようと思ったら１８０人待ちだったｽﾞﾝﾄﾞｺ
study: シングルだとかなり多いよ
study: アングラなものにはアングラな理由があるんだからアングラを地上に出そうとすること自体がおかしい
study: トイレ行ってから枠トリます
study: 私は 5/3 22:01 以降 108 回呟きました。（前日比：+65回） #countkun @hexad_chrome
study: 大丈夫だ、問題ない
study: 突発大会どうしよー 明日の昼にしようかな・・・（←疲れてる奴
study: 
study: 出てない
study: そういえばポップンミュージックにたっくさん出てた
study: たっくかよ
study: ☆･:ﾟ*ｵｫヾ(o´∀｀o)ﾉｫｵ*ﾟ:･☆
study: ？
study: ケモノが言語喋らなくても全然平気なくらいにはケモナー
study: めしぃ
study: (o^-')b
study: |///|ヽ(ﾟДﾟ )ﾉ|///|ﾀﾀﾞｲﾏｰ
study: 大会潜ってない自分は特になにも言えないけどｗ
study: にくきゅうを触るお仕事したい
study: ほわぁ
study: 降参は相手への冒涜って考えの人結構会うけど、シングル勢からするとガチパでも初手降参があり得るからな…
study: 猫に囲まれてる
study: あくび
study: （大会の流行は読みにくいし）
study: （正直初手降参はサブロムつかって流行を誰よりも早く確かめてるだけな気がするけどね）
study: んー そのまだマシって感覚がよくわからないけど、された人「だけ」が広めてるなら別になんとも思わない
study: (*^-')b
study: （ネタパ勢と根本は変わらないような…）
study: 重力じゃないだけ良心的
study: 有名になる 以上
study: 持ち上げて（フリーフォール）落とす！？（うちおとす）
study: 初手スキスワ
study: いかくマンダとりんぷんモルフォンというコンビがいてだな
study: しぃ
study: 単タイプ大会を開くので暇な人はどうぞ
study: 和音の真ん中のおとはど真ん中じゃなくて上か下に少しずらす方が良いと言う話を聞いたマン
tweet(markov): Zzz…(*´～｀*)｡o○ﾑﾆｬ
reply: @Tac_2P_color 重力じゃないだけ良心的
/Users/e115764/.rvm/gems/ruby-1.8.7-p371/gems/faraday-0.8.7/lib/faraday/request/multipart.rb:4: warning: already initialized constant DEFAULT_BOUNDARY
study: おやすみなさい
study: Zzz…(*´～｀*)｡o○ ﾑﾆｬﾑﾆｬ
study: やはり（wakeshiri-face）
study: ためしに くだんのRTを解いてみた
study: nil は名詞 nullは形容詞だから 文字そのものがツイッター上で空白なんだろうな
study: にゃんじゃ！
study: 環境依存文字（null）を取得した時の処理・・・？
study: 見られている感
study: そこRTだから たぶんRTを弾いたほうがいいと思う
study: ほわぁ と あつあつ の間に 環境依存文字付きのRTがある
study: 私は 5/4 22:11 以降 59 回呟きました。（前日比：-49回） #countkun @hexad_chrome
study: しぃちゃん虚数空間にいるから・・・
study: 
study: 人間は陸上生活するように進化したのに泳げるとかおかしいでしょ 泳げるわけないし
study: 草枕の冒頭を超える文章に出会ったことがない
study: おつあり！
study: たっくだ！
study: ブラッキーとシャワーズの対面で５０ターンかかって勝った
study: 
study: ロコン
study: しぃ
study: おめ
study: たっくどこ
study: ほわぁ
study: あつあつ
study: おっふろっおっふろっ
study: ☆･:ﾟ*ｵｫヾ(o´∀｀o)ﾉｫｵ*ﾟ:･☆
study: ふさんおちついて
study: 2013/05/04に @hexad_chrome のTLから見つかったパクツイ・パクられツイは17件ですた。 おいでよ パクツイの森: #パク森 #パクレポ
study: 夢の中ならリーマン予想答えられるのになー
study: 
study: ゴマフアザラシさん確定2（ツイートで召喚）調整
study: 紳士だ
study: それはまぎれもなく
study: いるっていってるでしょ！虚数に送るぞ！
study: シンオウのポケモンリーグだっけ？ パワートリックツボツボが出てた記憶
study: いるよ
study: しぃしぃ
study: ツボツボ対ヨルノズクってアニポケでもあった因縁の
study: たっくが無限大に発散
study: ツボツボ対ヨルノズク（ナイトヘッド）
study: しぃしぃうっさい！
study: 林業かわいいに空目
study: 空陸両用になりたぁい
study: ＞確認がめんどくさい＜
study: ヨルノズクの各種族値と比べ、「４つ以上」が「ヨルノズクの種族値以上」だと出場不可大会
study: ヨルノズクが一番強いんだもん大会・・・？
study: 96度寝決めてた
study: ごま
study: ふ だった
study: ふりすとにゃんにゃんだ
study: ほわぁ
study: おつかれさまでしたー
study: 【ニコ生放送中】【突発大会】複合禁止！単色縛り大会【ポケモン】 #co573279
study: 【ニコ生放送中】【突発大会】複合禁止！単色縛り大会【ポケモン】 #co573279
study: 【ニコ生放送中】【突発大会】複合禁止！単色縛り大会【ポケモン】 #co573279
study: 【ニコ生放送中】【突発大会】複合禁止！単色縛り大会【ポケモン】 #co573279
study: 【ニコ生放送中】【突発大会】複合禁止！単色縛り大会【ポケモン】 #co573279
study: 【ニコ生放送中】【突発大会】複合禁止！単色縛り大会【ポケモン】 #co573279
study: 【ニコ生放送中】【突発大会】複合禁止！単色縛り大会【ポケモン】 #co573279
study: 【ニコ生放送中】【突発大会】複合禁止！単色縛り大会【ポケモン】 #co573279
study: 【ニコ生放送中】【突発大会】募集しながら景品を考える枠【ポケモン】 #co573279
study: うん
study: 放送しようと思ったら１８０人待ちだったｽﾞﾝﾄﾞｺ
study: シングルだとかなり多いよ
study: アングラなものにはアングラな理由があるんだからアングラを地上に出そうとすること自体がおかしい
study: トイレ行ってから枠トリます
study: 私は 5/3 22:01 以降 108 回呟きました。（前日比：+65回） #countkun @hexad_chrome
study: 大丈夫だ、問題ない
study: 突発大会どうしよー 明日の昼にしようかな・・・（←疲れてる奴
study: 
study: 出てない
study: そういえばポップンミュージックにたっくさん出てた
study: たっくかよ
study: ☆･:ﾟ*ｵｫヾ(o´∀｀o)ﾉｫｵ*ﾟ:･☆
study: ？
study: ケモノが言語喋らなくても全然平気なくらいにはケモナー
study: めしぃ
study: (o^-')b
study: |///|ヽ(ﾟДﾟ )ﾉ|///|ﾀﾀﾞｲﾏｰ
study: 大会潜ってない自分は特になにも言えないけどｗ
study: にくきゅうを触るお仕事したい
study: ほわぁ
study: 降参は相手への冒涜って考えの人結構会うけど、シングル勢からするとガチパでも初手降参があり得るからな…
study: 猫に囲まれてる
study: あくび
study: （大会の流行は読みにくいし）
study: （正直初手降参はサブロムつかって流行を誰よりも早く確かめてるだけな気がするけどね）
study: んー そのまだマシって感覚がよくわからないけど、された人「だけ」が広めてるなら別になんとも思わない
study: (*^-')b
study: （ネタパ勢と根本は変わらないような…）
study: 重力じゃないだけ良心的
study: 有名になる 以上
study: 持ち上げて（フリーフォール）落とす！？（うちおとす）
study: 初手スキスワ
study: いかくマンダとりんぷんモルフォンというコンビがいてだな
study: しぃ
study: 単タイプ大会を開くので暇な人はどうぞ
study: 和音の真ん中のおとはど真ん中じゃなくて上か下に少しずらす方が良いと言う話を聞いたマン
tweet(markov): おつかれさまでしたー
/Users/e115764/.rvm/gems/ruby-1.8.7-p371/gems/faraday-0.8.7/lib/faraday/request/multipart.rb:4: warning: already initialized constant DEFAULT_BOUNDARY
study: おやすみなさい
study: Zzz…(*´～｀*)｡o○ ﾑﾆｬﾑﾆｬ
study: やはり（wakeshiri-face）
study: ためしに くだんのRTを解いてみた
study: nil は名詞 nullは形容詞だから 文字そのものがツイッター上で空白なんだろうな
study: にゃんじゃ！
study: 環境依存文字（null）を取得した時の処理・・・？
study: 見られている感
study: そこRTだから たぶんRTを弾いたほうがいいと思う
study: ほわぁ と あつあつ の間に 環境依存文字付きのRTがある
study: 私は 5/4 22:11 以降 59 回呟きました。（前日比：-49回） #countkun @hexad_chrome
study: しぃちゃん虚数空間にいるから・・・
study: 
study: 人間は陸上生活するように進化したのに泳げるとかおかしいでしょ 泳げるわけないし
study: 草枕の冒頭を超える文章に出会ったことがない
study: おつあり！
study: たっくだ！
study: ブラッキーとシャワーズの対面で５０ターンかかって勝った
study: 
study: ロコン
study: しぃ
study: おめ
study: たっくどこ
study: ほわぁ
study: あつあつ
study: おっふろっおっふろっ
study: ☆･:ﾟ*ｵｫヾ(o´∀｀o)ﾉｫｵ*ﾟ:･☆
study: ふさんおちついて
study: 2013/05/04に @hexad_chrome のTLから見つかったパクツイ・パクられツイは17件ですた。 おいでよ パクツイの森: #パク森 #パクレポ
study: 夢の中ならリーマン予想答えられるのになー
study: 
study: ゴマフアザラシさん確定2（ツイートで召喚）調整
study: 紳士だ
study: それはまぎれもなく
study: いるっていってるでしょ！虚数に送るぞ！
study: シンオウのポケモンリーグだっけ？ パワートリックツボツボが出てた記憶
study: いるよ
study: しぃしぃ
study: ツボツボ対ヨルノズクってアニポケでもあった因縁の
study: たっくが無限大に発散
study: ツボツボ対ヨルノズク（ナイトヘッド）
study: しぃしぃうっさい！
study: 林業かわいいに空目
study: 空陸両用になりたぁい
study: ＞確認がめんどくさい＜
study: ヨルノズクの各種族値と比べ、「４つ以上」が「ヨルノズクの種族値以上」だと出場不可大会
study: ヨルノズクが一番強いんだもん大会・・・？
study: 96度寝決めてた
study: ごま
study: ふ だった
study: ふりすとにゃんにゃんだ
study: ほわぁ
study: おつかれさまでしたー
study: 【ニコ生放送中】【突発大会】複合禁止！単色縛り大会【ポケモン】 #co573279
study: 【ニコ生放送中】【突発大会】複合禁止！単色縛り大会【ポケモン】 #co573279
study: 【ニコ生放送中】【突発大会】複合禁止！単色縛り大会【ポケモン】 #co573279
study: 【ニコ生放送中】【突発大会】複合禁止！単色縛り大会【ポケモン】 #co573279
study: 【ニコ生放送中】【突発大会】複合禁止！単色縛り大会【ポケモン】 #co573279
study: 【ニコ生放送中】【突発大会】複合禁止！単色縛り大会【ポケモン】 #co573279
study: 【ニコ生放送中】【突発大会】複合禁止！単色縛り大会【ポケモン】 #co573279
study: 【ニコ生放送中】【突発大会】複合禁止！単色縛り大会【ポケモン】 #co573279
study: 【ニコ生放送中】【突発大会】募集しながら景品を考える枠【ポケモン】 #co573279
study: うん
study: 放送しようと思ったら１８０人待ちだったｽﾞﾝﾄﾞｺ
study: シングルだとかなり多いよ
study: アングラなものにはアングラな理由があるんだからアングラを地上に出そうとすること自体がおかしい
study: トイレ行ってから枠トリます
study: 私は 5/3 22:01 以降 108 回呟きました。（前日比：+65回） #countkun @hexad_chrome
study: 大丈夫だ、問題ない
study: 突発大会どうしよー 明日の昼にしようかな・・・（←疲れてる奴
study: 
study: 出てない
study: そういえばポップンミュージックにたっくさん出てた
study: たっくかよ
study: ☆･:ﾟ*ｵｫヾ(o´∀｀o)ﾉｫｵ*ﾟ:･☆
study: ？
study: ケモノが言語喋らなくても全然平気なくらいにはケモナー
study: めしぃ
study: (o^-')b
study: |///|ヽ(ﾟДﾟ )ﾉ|///|ﾀﾀﾞｲﾏｰ
study: 大会潜ってない自分は特になにも言えないけどｗ
study: にくきゅうを触るお仕事したい
study: ほわぁ
study: 降参は相手への冒涜って考えの人結構会うけど、シングル勢からするとガチパでも初手降参があり得るからな…
study: 猫に囲まれてる
study: あくび
study: （大会の流行は読みにくいし）
study: （正直初手降参はサブロムつかって流行を誰よりも早く確かめてるだけな気がするけどね）
study: んー そのまだマシって感覚がよくわからないけど、された人「だけ」が広めてるなら別になんとも思わない
study: (*^-')b
study: （ネタパ勢と根本は変わらないような…）
study: 重力じゃないだけ良心的
study: 有名になる 以上
study: 持ち上げて（フリーフォール）落とす！？（うちおとす）
study: 初手スキスワ
study: いかくマンダとりんぷんモルフォンというコンビがいてだな
study: しぃ
study: 単タイプ大会を開くので暇な人はどうぞ
study: 和音の真ん中のおとはど真ん中じゃなくて上か下に少しずらす方が良いと言う話を聞いたマン
tweet(markov): 空陸両用になりたぁい
/Users/e115764/.rvm/gems/ruby-1.8.7-p371/gems/faraday-0.8.7/lib/faraday/request/multipart.rb:4: warning: already initialized constant DEFAULT_BOUNDARY
study: お米食べれば水分そんなに取る必要ないんだけどね
study: おはよー
study: おはよー
study: でぃーにおおきくなる？
study: ( ・д・)/－－＝≡(((卍 ｼｭｯ!!
study: 寝るだけで200ccは出てっちゃうし（冬でも 気をつけてね
study: 寝る前にコップいっぱい飲む癖つけるといいよ
study: おつかれ
study: っ・ヮ・）っ
study: やいやいたっく！！
study: くうちゃんとかｗｗｗなんぞｗｗｗ
study: しぃ
study: 雷おこしを食べてる
study: あさだ！おはよう！
study: (*^-')b
study: おやすみなさい
study: Zzz…(*´～｀*)｡o○ ﾑﾆｬﾑﾆｬ
study: やはり（wakeshiri-face）
study: ためしに くだんのRTを解いてみた
study: nil は名詞 nullは形容詞だから 文字そのものがツイッター上で空白なんだろうな
study: にゃんじゃ！
study: 環境依存文字（null）を取得した時の処理・・・？
study: 見られている感
study: そこRTだから たぶんRTを弾いたほうがいいと思う
study: ほわぁ と あつあつ の間に 環境依存文字付きのRTがある
study: 私は 5/4 22:11 以降 59 回呟きました。（前日比：-49回） #countkun @hexad_chrome
study: しぃちゃん虚数空間にいるから・・・
study: 
study: 人間は陸上生活するように進化したのに泳げるとかおかしいでしょ 泳げるわけないし
study: 草枕の冒頭を超える文章に出会ったことがない
study: おつあり！
study: たっくだ！
study: ブラッキーとシャワーズの対面で５０ターンかかって勝った
study: 
study: ロコン
study: しぃ
study: おめ
study: たっくどこ
study: ほわぁ
study: あつあつ
study: おっふろっおっふろっ
study: ☆･:ﾟ*ｵｫヾ(o´∀｀o)ﾉｫｵ*ﾟ:･☆
study: ふさんおちついて
study: 2013/05/04に @hexad_chrome のTLから見つかったパクツイ・パクられツイは17件ですた。 おいでよ パクツイの森: #パク森 #パクレポ
study: 夢の中ならリーマン予想答えられるのになー
study: 
study: ゴマフアザラシさん確定2（ツイートで召喚）調整
study: 紳士だ
study: それはまぎれもなく
study: いるっていってるでしょ！虚数に送るぞ！
study: シンオウのポケモンリーグだっけ？ パワートリックツボツボが出てた記憶
study: いるよ
study: しぃしぃ
study: ツボツボ対ヨルノズクってアニポケでもあった因縁の
study: たっくが無限大に発散
study: ツボツボ対ヨルノズク（ナイトヘッド）
study: しぃしぃうっさい！
study: 林業かわいいに空目
study: 空陸両用になりたぁい
study: ＞確認がめんどくさい＜
study: ヨルノズクの各種族値と比べ、「４つ以上」が「ヨルノズクの種族値以上」だと出場不可大会
study: ヨルノズクが一番強いんだもん大会・・・？
study: 96度寝決めてた
study: ごま
study: ふ だった
study: ふりすとにゃんにゃんだ
study: ほわぁ
study: おつかれさまでしたー
study: 【ニコ生放送中】【突発大会】複合禁止！単色縛り大会【ポケモン】 #co573279
study: 【ニコ生放送中】【突発大会】複合禁止！単色縛り大会【ポケモン】 #co573279
study: 【ニコ生放送中】【突発大会】複合禁止！単色縛り大会【ポケモン】 #co573279
study: 【ニコ生放送中】【突発大会】複合禁止！単色縛り大会【ポケモン】 #co573279
study: 【ニコ生放送中】【突発大会】複合禁止！単色縛り大会【ポケモン】 #co573279
study: 【ニコ生放送中】【突発大会】複合禁止！単色縛り大会【ポケモン】 #co573279
study: 【ニコ生放送中】【突発大会】複合禁止！単色縛り大会【ポケモン】 #co573279
study: 【ニコ生放送中】【突発大会】複合禁止！単色縛り大会【ポケモン】 #co573279
study: 【ニコ生放送中】【突発大会】募集しながら景品を考える枠【ポケモン】 #co573279
study: うん
study: 放送しようと思ったら１８０人待ちだったｽﾞﾝﾄﾞｺ
study: シングルだとかなり多いよ
study: アングラなものにはアングラな理由があるんだからアングラを地上に出そうとすること自体がおかしい
study: トイレ行ってから枠トリます
study: 私は 5/3 22:01 以降 108 回呟きました。（前日比：+65回） #countkun @hexad_chrome
study: 大丈夫だ、問題ない
study: 突発大会どうしよー 明日の昼にしようかな・・・（←疲れてる奴
study: 
study: 出てない
study: そういえばポップンミュージックにたっくさん出てた
study: たっくかよ
study: ☆･:ﾟ*ｵｫヾ(o´∀｀o)ﾉｫｵ*ﾟ:･☆
study: ？
study: ケモノが言語喋らなくても全然平気なくらいにはケモナー
study: めしぃ
study: (o^-')b
study: |///|ヽ(ﾟДﾟ )ﾉ|///|ﾀﾀﾞｲﾏｰ
study: 大会潜ってない自分は特になにも言えないけどｗ
study: にくきゅうを触るお仕事したい
study: ほわぁ
study: 降参は相手への冒涜って考えの人結構会うけど、シングル勢からするとガチパでも初手降参があり得るからな…
tweet(markov): ふりすとにゃんにゃんだけどね
/Users/e115764/.rvm/gems/ruby-1.8.7-p371/gems/faraday-0.8.7/lib/faraday/request/multipart.rb:4: warning: already initialized constant DEFAULT_BOUNDARY
study: ブラッキーかわいい
study: 夜行性だ…にげなきゃ…
study: 
study: お米食べれば水分そんなに取る必要ないんだけどね
study: おはよー
study: おはよー
study: でぃーにおおきくなる？
study: ( ・д・)/－－＝≡(((卍 ｼｭｯ!!
study: 寝るだけで200ccは出てっちゃうし（冬でも 気をつけてね
study: 寝る前にコップいっぱい飲む癖つけるといいよ
study: おつかれ
study: っ・ヮ・）っ
study: やいやいたっく！！
study: くうちゃんとかｗｗｗなんぞｗｗｗ
study: しぃ
study: 雷おこしを食べてる
study: あさだ！おはよう！
study: (*^-')b
study: おやすみなさい
study: Zzz…(*´～｀*)｡o○ ﾑﾆｬﾑﾆｬ
study: やはり（wakeshiri-face）
study: ためしに くだんのRTを解いてみた
study: nil は名詞 nullは形容詞だから 文字そのものがツイッター上で空白なんだろうな
study: にゃんじゃ！
study: 環境依存文字（null）を取得した時の処理・・・？
study: 見られている感
study: そこRTだから たぶんRTを弾いたほうがいいと思う
study: ほわぁ と あつあつ の間に 環境依存文字付きのRTがある
study: 私は 5/4 22:11 以降 59 回呟きました。（前日比：-49回） #countkun @hexad_chrome
study: しぃちゃん虚数空間にいるから・・・
study: 
study: 人間は陸上生活するように進化したのに泳げるとかおかしいでしょ 泳げるわけないし
study: 草枕の冒頭を超える文章に出会ったことがない
study: おつあり！
study: たっくだ！
study: ブラッキーとシャワーズの対面で５０ターンかかって勝った
study: 
study: ロコン
study: しぃ
study: おめ
study: たっくどこ
study: ほわぁ
study: あつあつ
study: おっふろっおっふろっ
study: ☆･:ﾟ*ｵｫヾ(o´∀｀o)ﾉｫｵ*ﾟ:･☆
study: ふさんおちついて
study: 2013/05/04に @hexad_chrome のTLから見つかったパクツイ・パクられツイは17件ですた。 おいでよ パクツイの森: #パク森 #パクレポ
study: 夢の中ならリーマン予想答えられるのになー
study: 
study: ゴマフアザラシさん確定2（ツイートで召喚）調整
study: 紳士だ
study: それはまぎれもなく
study: いるっていってるでしょ！虚数に送るぞ！
study: シンオウのポケモンリーグだっけ？ パワートリックツボツボが出てた記憶
study: いるよ
study: しぃしぃ
study: ツボツボ対ヨルノズクってアニポケでもあった因縁の
study: たっくが無限大に発散
study: ツボツボ対ヨルノズク（ナイトヘッド）
study: しぃしぃうっさい！
study: 林業かわいいに空目
study: 空陸両用になりたぁい
study: ＞確認がめんどくさい＜
study: ヨルノズクの各種族値と比べ、「４つ以上」が「ヨルノズクの種族値以上」だと出場不可大会
study: ヨルノズクが一番強いんだもん大会・・・？
study: 96度寝決めてた
study: ごま
study: ふ だった
study: ふりすとにゃんにゃんだ
study: ほわぁ
study: おつかれさまでしたー
study: 【ニコ生放送中】【突発大会】複合禁止！単色縛り大会【ポケモン】 #co573279
study: 【ニコ生放送中】【突発大会】複合禁止！単色縛り大会【ポケモン】 #co573279
study: 【ニコ生放送中】【突発大会】複合禁止！単色縛り大会【ポケモン】 #co573279
study: 【ニコ生放送中】【突発大会】複合禁止！単色縛り大会【ポケモン】 #co573279
study: 【ニコ生放送中】【突発大会】複合禁止！単色縛り大会【ポケモン】 #co573279
study: 【ニコ生放送中】【突発大会】複合禁止！単色縛り大会【ポケモン】 #co573279
study: 【ニコ生放送中】【突発大会】複合禁止！単色縛り大会【ポケモン】 #co573279
study: 【ニコ生放送中】【突発大会】複合禁止！単色縛り大会【ポケモン】 #co573279
study: 【ニコ生放送中】【突発大会】募集しながら景品を考える枠【ポケモン】 #co573279
study: うん
study: 放送しようと思ったら１８０人待ちだったｽﾞﾝﾄﾞｺ
study: シングルだとかなり多いよ
study: アングラなものにはアングラな理由があるんだからアングラを地上に出そうとすること自体がおかしい
study: トイレ行ってから枠トリます
study: 私は 5/3 22:01 以降 108 回呟きました。（前日比：+65回） #countkun @hexad_chrome
study: 大丈夫だ、問題ない
study: 突発大会どうしよー 明日の昼にしようかな・・・（←疲れてる奴
study: 
study: 出てない
study: そういえばポップンミュージックにたっくさん出てた
study: たっくかよ
study: ☆･:ﾟ*ｵｫヾ(o´∀｀o)ﾉｫｵ*ﾟ:･☆
study: ？
study: ケモノが言語喋らなくても全然平気なくらいにはケモナー
study: めしぃ
study: (o^-')b
study: |///|ヽ(ﾟДﾟ )ﾉ|///|ﾀﾀﾞｲﾏｰ
study: 大会潜ってない自分は特になにも言えないけどｗ
tweet(markov): トイレ行ってから枠トリます
/Users/e115764/.rvm/gems/ruby-1.8.7-p371/gems/faraday-0.8.7/lib/faraday/request/multipart.rb:4: warning: already initialized constant DEFAULT_BOUNDARY
study: ゴマフいたあああああぁぁぁぁぁ
study: ゴマフ！？どこ！？どこ！？
study: ブラッキーかわいい
study: 夜行性だ…にげなきゃ…
study: 
study: お米食べれば水分そんなに取る必要ないんだけどね
study: おはよー
study: おはよー
study: でぃーにおおきくなる？
study: ( ・д・)/－－＝≡(((卍 ｼｭｯ!!
study: 寝るだけで200ccは出てっちゃうし（冬でも 気をつけてね
study: 寝る前にコップいっぱい飲む癖つけるといいよ
study: おつかれ
study: っ・ヮ・）っ
study: やいやいたっく！！
study: くうちゃんとかｗｗｗなんぞｗｗｗ
study: しぃ
study: 雷おこしを食べてる
study: あさだ！おはよう！
study: (*^-')b
study: おやすみなさい
study: Zzz…(*´～｀*)｡o○ ﾑﾆｬﾑﾆｬ
study: やはり（wakeshiri-face）
study: ためしに くだんのRTを解いてみた
study: nil は名詞 nullは形容詞だから 文字そのものがツイッター上で空白なんだろうな
study: にゃんじゃ！
study: 環境依存文字（null）を取得した時の処理・・・？
study: 見られている感
study: そこRTだから たぶんRTを弾いたほうがいいと思う
study: ほわぁ と あつあつ の間に 環境依存文字付きのRTがある
study: 私は 5/4 22:11 以降 59 回呟きました。（前日比：-49回） #countkun @hexad_chrome
study: しぃちゃん虚数空間にいるから・・・
study: 
study: 人間は陸上生活するように進化したのに泳げるとかおかしいでしょ 泳げるわけないし
study: 草枕の冒頭を超える文章に出会ったことがない
study: おつあり！
study: たっくだ！
study: ブラッキーとシャワーズの対面で５０ターンかかって勝った
study: 
study: ロコン
study: しぃ
study: おめ
study: たっくどこ
study: ほわぁ
study: あつあつ
study: おっふろっおっふろっ
study: ☆･:ﾟ*ｵｫヾ(o´∀｀o)ﾉｫｵ*ﾟ:･☆
study: ふさんおちついて
study: 2013/05/04に @hexad_chrome のTLから見つかったパクツイ・パクられツイは17件ですた。 おいでよ パクツイの森: #パク森 #パクレポ
study: 夢の中ならリーマン予想答えられるのになー
study: 
study: ゴマフアザラシさん確定2（ツイートで召喚）調整
study: 紳士だ
study: それはまぎれもなく
study: いるっていってるでしょ！虚数に送るぞ！
study: シンオウのポケモンリーグだっけ？ パワートリックツボツボが出てた記憶
study: いるよ
study: しぃしぃ
study: ツボツボ対ヨルノズクってアニポケでもあった因縁の
study: たっくが無限大に発散
study: ツボツボ対ヨルノズク（ナイトヘッド）
study: しぃしぃうっさい！
study: 林業かわいいに空目
study: 空陸両用になりたぁい
study: ＞確認がめんどくさい＜
study: ヨルノズクの各種族値と比べ、「４つ以上」が「ヨルノズクの種族値以上」だと出場不可大会
study: ヨルノズクが一番強いんだもん大会・・・？
study: 96度寝決めてた
study: ごま
study: ふ だった
study: ふりすとにゃんにゃんだ
study: ほわぁ
study: おつかれさまでしたー
study: 【ニコ生放送中】【突発大会】複合禁止！単色縛り大会【ポケモン】 #co573279
study: 【ニコ生放送中】【突発大会】複合禁止！単色縛り大会【ポケモン】 #co573279
study: 【ニコ生放送中】【突発大会】複合禁止！単色縛り大会【ポケモン】 #co573279
study: 【ニコ生放送中】【突発大会】複合禁止！単色縛り大会【ポケモン】 #co573279
study: 【ニコ生放送中】【突発大会】複合禁止！単色縛り大会【ポケモン】 #co573279
study: 【ニコ生放送中】【突発大会】複合禁止！単色縛り大会【ポケモン】 #co573279
study: 【ニコ生放送中】【突発大会】複合禁止！単色縛り大会【ポケモン】 #co573279
study: 【ニコ生放送中】【突発大会】複合禁止！単色縛り大会【ポケモン】 #co573279
study: 【ニコ生放送中】【突発大会】募集しながら景品を考える枠【ポケモン】 #co573279
study: うん
study: 放送しようと思ったら１８０人待ちだったｽﾞﾝﾄﾞｺ
study: シングルだとかなり多いよ
study: アングラなものにはアングラな理由があるんだからアングラを地上に出そうとすること自体がおかしい
study: トイレ行ってから枠トリます
study: 私は 5/3 22:01 以降 108 回呟きました。（前日比：+65回） #countkun @hexad_chrome
study: 大丈夫だ、問題ない
study: 突発大会どうしよー 明日の昼にしようかな・・・（←疲れてる奴
study: 
study: 出てない
study: そういえばポップンミュージックにたっくさん出てた
study: たっくかよ
study: ☆･:ﾟ*ｵｫヾ(o´∀｀o)ﾉｫｵ*ﾟ:･☆
study: ？
study: ケモノが言語喋らなくても全然平気なくらいにはケモナー
study: めしぃ
study: (o^-')b
tweet(markov): めしぃ
